[2025-12-17T10:05:48.340+0000] {processor.py:161} INFO - Started process (PID=33) to work on /opt/airflow/dags/job1_ingestion_dag.py
[2025-12-17T10:05:48.344+0000] {processor.py:830} INFO - Processing file /opt/airflow/dags/job1_ingestion_dag.py for tasks to queue
[2025-12-17T10:05:48.346+0000] {logging_mixin.py:188} INFO - [2025-12-17T10:05:48.345+0000] {dagbag.py:538} INFO - Filling up the DagBag from /opt/airflow/dags/job1_ingestion_dag.py
[2025-12-17T10:05:48.412+0000] {logging_mixin.py:188} INFO - [2025-12-17T10:05:48.404+0000] {dagbag.py:348} ERROR - Failed to import: /opt/airflow/dags/job1_ingestion_dag.py
Traceback (most recent call last):
  File "/home/airflow/.local/lib/python3.8/site-packages/airflow/models/dagbag.py", line 344, in parse
    loader.exec_module(new_module)
  File "<frozen importlib._bootstrap_external>", line 843, in exec_module
  File "<frozen importlib._bootstrap>", line 219, in _call_with_frames_removed
  File "/opt/airflow/dags/job1_ingestion_dag.py", line 4, in <module>
    from src.job1_producer import produce_data
ModuleNotFoundError: No module named 'src'
[2025-12-17T10:05:48.415+0000] {processor.py:842} WARNING - No viable dags retrieved from /opt/airflow/dags/job1_ingestion_dag.py
[2025-12-17T10:05:48.578+0000] {processor.py:183} INFO - Processing /opt/airflow/dags/job1_ingestion_dag.py took 0.276 seconds
[2025-12-17T10:06:20.729+0000] {processor.py:161} INFO - Started process (PID=44) to work on /opt/airflow/dags/job1_ingestion_dag.py
[2025-12-17T10:06:20.744+0000] {processor.py:830} INFO - Processing file /opt/airflow/dags/job1_ingestion_dag.py for tasks to queue
[2025-12-17T10:06:20.749+0000] {logging_mixin.py:188} INFO - [2025-12-17T10:06:20.747+0000] {dagbag.py:538} INFO - Filling up the DagBag from /opt/airflow/dags/job1_ingestion_dag.py
[2025-12-17T10:06:21.236+0000] {logging_mixin.py:188} INFO - [2025-12-17T10:06:21.216+0000] {dagbag.py:348} ERROR - Failed to import: /opt/airflow/dags/job1_ingestion_dag.py
Traceback (most recent call last):
  File "/home/airflow/.local/lib/python3.8/site-packages/airflow/models/dagbag.py", line 344, in parse
    loader.exec_module(new_module)
  File "<frozen importlib._bootstrap_external>", line 843, in exec_module
  File "<frozen importlib._bootstrap>", line 219, in _call_with_frames_removed
  File "/opt/airflow/dags/job1_ingestion_dag.py", line 4, in <module>
    from src.job1_producer import produce_data
ModuleNotFoundError: No module named 'src'
[2025-12-17T10:06:21.243+0000] {processor.py:842} WARNING - No viable dags retrieved from /opt/airflow/dags/job1_ingestion_dag.py
[2025-12-17T10:06:21.959+0000] {processor.py:183} INFO - Processing /opt/airflow/dags/job1_ingestion_dag.py took 1.237 seconds
[2025-12-17T10:07:27.064+0000] {processor.py:161} INFO - Started process (PID=33) to work on /opt/airflow/dags/job1_ingestion_dag.py
[2025-12-17T10:07:27.084+0000] {processor.py:830} INFO - Processing file /opt/airflow/dags/job1_ingestion_dag.py for tasks to queue
[2025-12-17T10:07:27.086+0000] {logging_mixin.py:188} INFO - [2025-12-17T10:07:27.085+0000] {dagbag.py:538} INFO - Filling up the DagBag from /opt/airflow/dags/job1_ingestion_dag.py
[2025-12-17T10:07:27.143+0000] {logging_mixin.py:188} INFO - [2025-12-17T10:07:27.134+0000] {dagbag.py:348} ERROR - Failed to import: /opt/airflow/dags/job1_ingestion_dag.py
Traceback (most recent call last):
  File "/home/airflow/.local/lib/python3.8/site-packages/airflow/models/dagbag.py", line 344, in parse
    loader.exec_module(new_module)
  File "<frozen importlib._bootstrap_external>", line 843, in exec_module
  File "<frozen importlib._bootstrap>", line 219, in _call_with_frames_removed
  File "/opt/airflow/dags/job1_ingestion_dag.py", line 4, in <module>
    from src.job1_producer import produce_data
ModuleNotFoundError: No module named 'src'
[2025-12-17T10:07:27.145+0000] {processor.py:842} WARNING - No viable dags retrieved from /opt/airflow/dags/job1_ingestion_dag.py
[2025-12-17T10:07:27.458+0000] {processor.py:183} INFO - Processing /opt/airflow/dags/job1_ingestion_dag.py took 0.401 seconds
[2025-12-17T10:08:04.969+0000] {processor.py:161} INFO - Started process (PID=44) to work on /opt/airflow/dags/job1_ingestion_dag.py
[2025-12-17T10:08:04.975+0000] {processor.py:830} INFO - Processing file /opt/airflow/dags/job1_ingestion_dag.py for tasks to queue
[2025-12-17T10:08:04.978+0000] {logging_mixin.py:188} INFO - [2025-12-17T10:08:04.977+0000] {dagbag.py:538} INFO - Filling up the DagBag from /opt/airflow/dags/job1_ingestion_dag.py
[2025-12-17T10:08:05.024+0000] {logging_mixin.py:188} INFO - [2025-12-17T10:08:05.013+0000] {dagbag.py:348} ERROR - Failed to import: /opt/airflow/dags/job1_ingestion_dag.py
Traceback (most recent call last):
  File "/home/airflow/.local/lib/python3.8/site-packages/airflow/models/dagbag.py", line 344, in parse
    loader.exec_module(new_module)
  File "<frozen importlib._bootstrap_external>", line 843, in exec_module
  File "<frozen importlib._bootstrap>", line 219, in _call_with_frames_removed
  File "/opt/airflow/dags/job1_ingestion_dag.py", line 4, in <module>
    from src.job1_producer import produce_data
ModuleNotFoundError: No module named 'src'
[2025-12-17T10:08:05.027+0000] {processor.py:842} WARNING - No viable dags retrieved from /opt/airflow/dags/job1_ingestion_dag.py
[2025-12-17T10:08:05.128+0000] {processor.py:183} INFO - Processing /opt/airflow/dags/job1_ingestion_dag.py took 0.167 seconds
[2025-12-17T10:08:35.212+0000] {processor.py:161} INFO - Started process (PID=48) to work on /opt/airflow/dags/job1_ingestion_dag.py
[2025-12-17T10:08:35.215+0000] {processor.py:830} INFO - Processing file /opt/airflow/dags/job1_ingestion_dag.py for tasks to queue
[2025-12-17T10:08:35.222+0000] {logging_mixin.py:188} INFO - [2025-12-17T10:08:35.217+0000] {dagbag.py:538} INFO - Filling up the DagBag from /opt/airflow/dags/job1_ingestion_dag.py
[2025-12-17T10:08:35.270+0000] {logging_mixin.py:188} INFO - [2025-12-17T10:08:35.259+0000] {dagbag.py:348} ERROR - Failed to import: /opt/airflow/dags/job1_ingestion_dag.py
Traceback (most recent call last):
  File "/home/airflow/.local/lib/python3.8/site-packages/airflow/models/dagbag.py", line 344, in parse
    loader.exec_module(new_module)
  File "<frozen importlib._bootstrap_external>", line 843, in exec_module
  File "<frozen importlib._bootstrap>", line 219, in _call_with_frames_removed
  File "/opt/airflow/dags/job1_ingestion_dag.py", line 4, in <module>
    from src.job1_producer import produce_data
ModuleNotFoundError: No module named 'src'
[2025-12-17T10:08:35.274+0000] {processor.py:842} WARNING - No viable dags retrieved from /opt/airflow/dags/job1_ingestion_dag.py
[2025-12-17T10:08:35.349+0000] {processor.py:183} INFO - Processing /opt/airflow/dags/job1_ingestion_dag.py took 0.142 seconds
[2025-12-17T10:09:05.696+0000] {processor.py:161} INFO - Started process (PID=55) to work on /opt/airflow/dags/job1_ingestion_dag.py
[2025-12-17T10:09:05.702+0000] {processor.py:830} INFO - Processing file /opt/airflow/dags/job1_ingestion_dag.py for tasks to queue
[2025-12-17T10:09:05.721+0000] {logging_mixin.py:188} INFO - [2025-12-17T10:09:05.710+0000] {dagbag.py:538} INFO - Filling up the DagBag from /opt/airflow/dags/job1_ingestion_dag.py
[2025-12-17T10:09:05.851+0000] {logging_mixin.py:188} INFO - [2025-12-17T10:09:05.829+0000] {dagbag.py:348} ERROR - Failed to import: /opt/airflow/dags/job1_ingestion_dag.py
Traceback (most recent call last):
  File "/home/airflow/.local/lib/python3.8/site-packages/airflow/models/dagbag.py", line 344, in parse
    loader.exec_module(new_module)
  File "<frozen importlib._bootstrap_external>", line 843, in exec_module
  File "<frozen importlib._bootstrap>", line 219, in _call_with_frames_removed
  File "/opt/airflow/dags/job1_ingestion_dag.py", line 4, in <module>
    from src.job1_producer import produce_data
ModuleNotFoundError: No module named 'src'
[2025-12-17T10:09:05.857+0000] {processor.py:842} WARNING - No viable dags retrieved from /opt/airflow/dags/job1_ingestion_dag.py
[2025-12-17T10:09:05.954+0000] {processor.py:183} INFO - Processing /opt/airflow/dags/job1_ingestion_dag.py took 0.261 seconds
[2025-12-17T10:09:47.684+0000] {processor.py:161} INFO - Started process (PID=58) to work on /opt/airflow/dags/job1_ingestion_dag.py
[2025-12-17T10:09:47.691+0000] {processor.py:830} INFO - Processing file /opt/airflow/dags/job1_ingestion_dag.py for tasks to queue
[2025-12-17T10:09:47.694+0000] {logging_mixin.py:188} INFO - [2025-12-17T10:09:47.693+0000] {dagbag.py:538} INFO - Filling up the DagBag from /opt/airflow/dags/job1_ingestion_dag.py
[2025-12-17T10:09:47.814+0000] {logging_mixin.py:188} INFO - [2025-12-17T10:09:47.800+0000] {dagbag.py:348} ERROR - Failed to import: /opt/airflow/dags/job1_ingestion_dag.py
Traceback (most recent call last):
  File "/home/airflow/.local/lib/python3.8/site-packages/airflow/models/dagbag.py", line 344, in parse
    loader.exec_module(new_module)
  File "<frozen importlib._bootstrap_external>", line 843, in exec_module
  File "<frozen importlib._bootstrap>", line 219, in _call_with_frames_removed
  File "/opt/airflow/dags/job1_ingestion_dag.py", line 4, in <module>
    from src.job1_producer import produce_data
ModuleNotFoundError: No module named 'src'
[2025-12-17T10:09:47.822+0000] {processor.py:842} WARNING - No viable dags retrieved from /opt/airflow/dags/job1_ingestion_dag.py
[2025-12-17T10:09:47.957+0000] {processor.py:183} INFO - Processing /opt/airflow/dags/job1_ingestion_dag.py took 0.302 seconds
[2025-12-17T10:10:19.212+0000] {processor.py:161} INFO - Started process (PID=62) to work on /opt/airflow/dags/job1_ingestion_dag.py
[2025-12-17T10:10:19.215+0000] {processor.py:830} INFO - Processing file /opt/airflow/dags/job1_ingestion_dag.py for tasks to queue
[2025-12-17T10:10:19.217+0000] {logging_mixin.py:188} INFO - [2025-12-17T10:10:19.217+0000] {dagbag.py:538} INFO - Filling up the DagBag from /opt/airflow/dags/job1_ingestion_dag.py
[2025-12-17T10:10:19.286+0000] {logging_mixin.py:188} INFO - [2025-12-17T10:10:19.265+0000] {dagbag.py:348} ERROR - Failed to import: /opt/airflow/dags/job1_ingestion_dag.py
Traceback (most recent call last):
  File "/home/airflow/.local/lib/python3.8/site-packages/airflow/models/dagbag.py", line 344, in parse
    loader.exec_module(new_module)
  File "<frozen importlib._bootstrap_external>", line 843, in exec_module
  File "<frozen importlib._bootstrap>", line 219, in _call_with_frames_removed
  File "/opt/airflow/dags/job1_ingestion_dag.py", line 4, in <module>
    from src.job1_producer import produce_data
ModuleNotFoundError: No module named 'src'
[2025-12-17T10:10:19.290+0000] {processor.py:842} WARNING - No viable dags retrieved from /opt/airflow/dags/job1_ingestion_dag.py
[2025-12-17T10:10:19.677+0000] {processor.py:183} INFO - Processing /opt/airflow/dags/job1_ingestion_dag.py took 0.488 seconds
[2025-12-17T10:10:50.396+0000] {processor.py:161} INFO - Started process (PID=66) to work on /opt/airflow/dags/job1_ingestion_dag.py
[2025-12-17T10:10:50.401+0000] {processor.py:830} INFO - Processing file /opt/airflow/dags/job1_ingestion_dag.py for tasks to queue
[2025-12-17T10:10:50.403+0000] {logging_mixin.py:188} INFO - [2025-12-17T10:10:50.402+0000] {dagbag.py:538} INFO - Filling up the DagBag from /opt/airflow/dags/job1_ingestion_dag.py
[2025-12-17T10:10:50.440+0000] {logging_mixin.py:188} INFO - [2025-12-17T10:10:50.431+0000] {dagbag.py:348} ERROR - Failed to import: /opt/airflow/dags/job1_ingestion_dag.py
Traceback (most recent call last):
  File "/home/airflow/.local/lib/python3.8/site-packages/airflow/models/dagbag.py", line 344, in parse
    loader.exec_module(new_module)
  File "<frozen importlib._bootstrap_external>", line 843, in exec_module
  File "<frozen importlib._bootstrap>", line 219, in _call_with_frames_removed
  File "/opt/airflow/dags/job1_ingestion_dag.py", line 4, in <module>
    from src.job1_producer import produce_data
ModuleNotFoundError: No module named 'src'
[2025-12-17T10:10:50.443+0000] {processor.py:842} WARNING - No viable dags retrieved from /opt/airflow/dags/job1_ingestion_dag.py
[2025-12-17T10:10:50.518+0000] {processor.py:183} INFO - Processing /opt/airflow/dags/job1_ingestion_dag.py took 0.127 seconds
[2025-12-17T10:11:25.613+0000] {processor.py:161} INFO - Started process (PID=70) to work on /opt/airflow/dags/job1_ingestion_dag.py
[2025-12-17T10:11:25.620+0000] {processor.py:830} INFO - Processing file /opt/airflow/dags/job1_ingestion_dag.py for tasks to queue
[2025-12-17T10:11:25.622+0000] {logging_mixin.py:188} INFO - [2025-12-17T10:11:25.622+0000] {dagbag.py:538} INFO - Filling up the DagBag from /opt/airflow/dags/job1_ingestion_dag.py
[2025-12-17T10:11:25.669+0000] {logging_mixin.py:188} INFO - [2025-12-17T10:11:25.661+0000] {dagbag.py:348} ERROR - Failed to import: /opt/airflow/dags/job1_ingestion_dag.py
Traceback (most recent call last):
  File "/home/airflow/.local/lib/python3.8/site-packages/airflow/models/dagbag.py", line 344, in parse
    loader.exec_module(new_module)
  File "<frozen importlib._bootstrap_external>", line 843, in exec_module
  File "<frozen importlib._bootstrap>", line 219, in _call_with_frames_removed
  File "/opt/airflow/dags/job1_ingestion_dag.py", line 4, in <module>
    from src.job1_producer import produce_data
ModuleNotFoundError: No module named 'src'
[2025-12-17T10:11:25.673+0000] {processor.py:842} WARNING - No viable dags retrieved from /opt/airflow/dags/job1_ingestion_dag.py
[2025-12-17T10:11:25.751+0000] {processor.py:183} INFO - Processing /opt/airflow/dags/job1_ingestion_dag.py took 0.147 seconds
[2025-12-17T10:11:56.493+0000] {processor.py:161} INFO - Started process (PID=73) to work on /opt/airflow/dags/job1_ingestion_dag.py
[2025-12-17T10:11:56.497+0000] {processor.py:830} INFO - Processing file /opt/airflow/dags/job1_ingestion_dag.py for tasks to queue
[2025-12-17T10:11:56.499+0000] {logging_mixin.py:188} INFO - [2025-12-17T10:11:56.498+0000] {dagbag.py:538} INFO - Filling up the DagBag from /opt/airflow/dags/job1_ingestion_dag.py
[2025-12-17T10:11:56.540+0000] {logging_mixin.py:188} INFO - [2025-12-17T10:11:56.531+0000] {dagbag.py:348} ERROR - Failed to import: /opt/airflow/dags/job1_ingestion_dag.py
Traceback (most recent call last):
  File "/home/airflow/.local/lib/python3.8/site-packages/airflow/models/dagbag.py", line 344, in parse
    loader.exec_module(new_module)
  File "<frozen importlib._bootstrap_external>", line 843, in exec_module
  File "<frozen importlib._bootstrap>", line 219, in _call_with_frames_removed
  File "/opt/airflow/dags/job1_ingestion_dag.py", line 4, in <module>
    from src.job1_producer import produce_data
ModuleNotFoundError: No module named 'src'
[2025-12-17T10:11:56.545+0000] {processor.py:842} WARNING - No viable dags retrieved from /opt/airflow/dags/job1_ingestion_dag.py
[2025-12-17T10:11:56.623+0000] {processor.py:183} INFO - Processing /opt/airflow/dags/job1_ingestion_dag.py took 0.135 seconds
[2025-12-17T10:12:27.052+0000] {processor.py:161} INFO - Started process (PID=76) to work on /opt/airflow/dags/job1_ingestion_dag.py
[2025-12-17T10:12:27.054+0000] {processor.py:830} INFO - Processing file /opt/airflow/dags/job1_ingestion_dag.py for tasks to queue
[2025-12-17T10:12:27.056+0000] {logging_mixin.py:188} INFO - [2025-12-17T10:12:27.055+0000] {dagbag.py:538} INFO - Filling up the DagBag from /opt/airflow/dags/job1_ingestion_dag.py
[2025-12-17T10:12:27.087+0000] {logging_mixin.py:188} INFO - [2025-12-17T10:12:27.078+0000] {dagbag.py:348} ERROR - Failed to import: /opt/airflow/dags/job1_ingestion_dag.py
Traceback (most recent call last):
  File "/home/airflow/.local/lib/python3.8/site-packages/airflow/models/dagbag.py", line 344, in parse
    loader.exec_module(new_module)
  File "<frozen importlib._bootstrap_external>", line 843, in exec_module
  File "<frozen importlib._bootstrap>", line 219, in _call_with_frames_removed
  File "/opt/airflow/dags/job1_ingestion_dag.py", line 4, in <module>
    from src.job1_producer import produce_data
ModuleNotFoundError: No module named 'src'
[2025-12-17T10:12:27.089+0000] {processor.py:842} WARNING - No viable dags retrieved from /opt/airflow/dags/job1_ingestion_dag.py
[2025-12-17T10:12:27.147+0000] {processor.py:183} INFO - Processing /opt/airflow/dags/job1_ingestion_dag.py took 0.100 seconds
[2025-12-17T10:12:58.155+0000] {processor.py:161} INFO - Started process (PID=79) to work on /opt/airflow/dags/job1_ingestion_dag.py
[2025-12-17T10:12:58.158+0000] {processor.py:830} INFO - Processing file /opt/airflow/dags/job1_ingestion_dag.py for tasks to queue
[2025-12-17T10:12:58.159+0000] {logging_mixin.py:188} INFO - [2025-12-17T10:12:58.159+0000] {dagbag.py:538} INFO - Filling up the DagBag from /opt/airflow/dags/job1_ingestion_dag.py
[2025-12-17T10:12:58.186+0000] {logging_mixin.py:188} INFO - [2025-12-17T10:12:58.180+0000] {dagbag.py:348} ERROR - Failed to import: /opt/airflow/dags/job1_ingestion_dag.py
Traceback (most recent call last):
  File "/home/airflow/.local/lib/python3.8/site-packages/airflow/models/dagbag.py", line 344, in parse
    loader.exec_module(new_module)
  File "<frozen importlib._bootstrap_external>", line 843, in exec_module
  File "<frozen importlib._bootstrap>", line 219, in _call_with_frames_removed
  File "/opt/airflow/dags/job1_ingestion_dag.py", line 4, in <module>
    from src.job1_producer import produce_data
ModuleNotFoundError: No module named 'src'
[2025-12-17T10:12:58.208+0000] {processor.py:842} WARNING - No viable dags retrieved from /opt/airflow/dags/job1_ingestion_dag.py
[2025-12-17T10:12:58.274+0000] {processor.py:183} INFO - Processing /opt/airflow/dags/job1_ingestion_dag.py took 0.136 seconds
[2025-12-17T10:13:29.462+0000] {processor.py:161} INFO - Started process (PID=82) to work on /opt/airflow/dags/job1_ingestion_dag.py
[2025-12-17T10:13:29.465+0000] {processor.py:830} INFO - Processing file /opt/airflow/dags/job1_ingestion_dag.py for tasks to queue
[2025-12-17T10:13:29.467+0000] {logging_mixin.py:188} INFO - [2025-12-17T10:13:29.466+0000] {dagbag.py:538} INFO - Filling up the DagBag from /opt/airflow/dags/job1_ingestion_dag.py
[2025-12-17T10:13:29.516+0000] {logging_mixin.py:188} INFO - [2025-12-17T10:13:29.505+0000] {dagbag.py:348} ERROR - Failed to import: /opt/airflow/dags/job1_ingestion_dag.py
Traceback (most recent call last):
  File "/home/airflow/.local/lib/python3.8/site-packages/airflow/models/dagbag.py", line 344, in parse
    loader.exec_module(new_module)
  File "<frozen importlib._bootstrap_external>", line 843, in exec_module
  File "<frozen importlib._bootstrap>", line 219, in _call_with_frames_removed
  File "/opt/airflow/dags/job1_ingestion_dag.py", line 4, in <module>
    from src.job1_producer import produce_data
ModuleNotFoundError: No module named 'src'
[2025-12-17T10:13:29.520+0000] {processor.py:842} WARNING - No viable dags retrieved from /opt/airflow/dags/job1_ingestion_dag.py
[2025-12-17T10:13:29.586+0000] {processor.py:183} INFO - Processing /opt/airflow/dags/job1_ingestion_dag.py took 0.133 seconds
[2025-12-17T10:14:00.810+0000] {processor.py:161} INFO - Started process (PID=85) to work on /opt/airflow/dags/job1_ingestion_dag.py
[2025-12-17T10:14:00.812+0000] {processor.py:830} INFO - Processing file /opt/airflow/dags/job1_ingestion_dag.py for tasks to queue
[2025-12-17T10:14:00.814+0000] {logging_mixin.py:188} INFO - [2025-12-17T10:14:00.813+0000] {dagbag.py:538} INFO - Filling up the DagBag from /opt/airflow/dags/job1_ingestion_dag.py
[2025-12-17T10:14:00.844+0000] {logging_mixin.py:188} INFO - [2025-12-17T10:14:00.837+0000] {dagbag.py:348} ERROR - Failed to import: /opt/airflow/dags/job1_ingestion_dag.py
Traceback (most recent call last):
  File "/home/airflow/.local/lib/python3.8/site-packages/airflow/models/dagbag.py", line 344, in parse
    loader.exec_module(new_module)
  File "<frozen importlib._bootstrap_external>", line 843, in exec_module
  File "<frozen importlib._bootstrap>", line 219, in _call_with_frames_removed
  File "/opt/airflow/dags/job1_ingestion_dag.py", line 4, in <module>
    from src.job1_producer import produce_data
ModuleNotFoundError: No module named 'src'
[2025-12-17T10:14:00.848+0000] {processor.py:842} WARNING - No viable dags retrieved from /opt/airflow/dags/job1_ingestion_dag.py
[2025-12-17T10:14:00.908+0000] {processor.py:183} INFO - Processing /opt/airflow/dags/job1_ingestion_dag.py took 0.102 seconds
[2025-12-17T10:14:31.832+0000] {processor.py:161} INFO - Started process (PID=88) to work on /opt/airflow/dags/job1_ingestion_dag.py
[2025-12-17T10:14:31.841+0000] {processor.py:830} INFO - Processing file /opt/airflow/dags/job1_ingestion_dag.py for tasks to queue
[2025-12-17T10:14:31.844+0000] {logging_mixin.py:188} INFO - [2025-12-17T10:14:31.843+0000] {dagbag.py:538} INFO - Filling up the DagBag from /opt/airflow/dags/job1_ingestion_dag.py
[2025-12-17T10:14:31.882+0000] {logging_mixin.py:188} INFO - [2025-12-17T10:14:31.873+0000] {dagbag.py:348} ERROR - Failed to import: /opt/airflow/dags/job1_ingestion_dag.py
Traceback (most recent call last):
  File "/home/airflow/.local/lib/python3.8/site-packages/airflow/models/dagbag.py", line 344, in parse
    loader.exec_module(new_module)
  File "<frozen importlib._bootstrap_external>", line 843, in exec_module
  File "<frozen importlib._bootstrap>", line 219, in _call_with_frames_removed
  File "/opt/airflow/dags/job1_ingestion_dag.py", line 4, in <module>
    from src.job1_producer import produce_data
ModuleNotFoundError: No module named 'src'
[2025-12-17T10:14:31.887+0000] {processor.py:842} WARNING - No viable dags retrieved from /opt/airflow/dags/job1_ingestion_dag.py
[2025-12-17T10:14:31.961+0000] {processor.py:183} INFO - Processing /opt/airflow/dags/job1_ingestion_dag.py took 0.137 seconds
[2025-12-17T10:15:05.423+0000] {processor.py:161} INFO - Started process (PID=91) to work on /opt/airflow/dags/job1_ingestion_dag.py
[2025-12-17T10:15:05.551+0000] {processor.py:830} INFO - Processing file /opt/airflow/dags/job1_ingestion_dag.py for tasks to queue
[2025-12-17T10:15:05.554+0000] {logging_mixin.py:188} INFO - [2025-12-17T10:15:05.553+0000] {dagbag.py:538} INFO - Filling up the DagBag from /opt/airflow/dags/job1_ingestion_dag.py
[2025-12-17T10:15:06.454+0000] {logging_mixin.py:188} INFO - [2025-12-17T10:15:06.445+0000] {dagbag.py:348} ERROR - Failed to import: /opt/airflow/dags/job1_ingestion_dag.py
Traceback (most recent call last):
  File "/home/airflow/.local/lib/python3.8/site-packages/airflow/models/dagbag.py", line 344, in parse
    loader.exec_module(new_module)
  File "<frozen importlib._bootstrap_external>", line 843, in exec_module
  File "<frozen importlib._bootstrap>", line 219, in _call_with_frames_removed
  File "/opt/airflow/dags/job1_ingestion_dag.py", line 4, in <module>
    from src.job1_producer import produce_data
ModuleNotFoundError: No module named 'src'
[2025-12-17T10:15:06.478+0000] {processor.py:842} WARNING - No viable dags retrieved from /opt/airflow/dags/job1_ingestion_dag.py
[2025-12-17T10:15:09.164+0000] {processor.py:183} INFO - Processing /opt/airflow/dags/job1_ingestion_dag.py took 3.751 seconds
[2025-12-17T10:15:39.857+0000] {processor.py:161} INFO - Started process (PID=94) to work on /opt/airflow/dags/job1_ingestion_dag.py
[2025-12-17T10:15:39.872+0000] {processor.py:830} INFO - Processing file /opt/airflow/dags/job1_ingestion_dag.py for tasks to queue
[2025-12-17T10:15:39.895+0000] {logging_mixin.py:188} INFO - [2025-12-17T10:15:39.886+0000] {dagbag.py:538} INFO - Filling up the DagBag from /opt/airflow/dags/job1_ingestion_dag.py
[2025-12-17T10:15:40.020+0000] {logging_mixin.py:188} INFO - [2025-12-17T10:15:40.005+0000] {dagbag.py:348} ERROR - Failed to import: /opt/airflow/dags/job1_ingestion_dag.py
Traceback (most recent call last):
  File "/home/airflow/.local/lib/python3.8/site-packages/airflow/models/dagbag.py", line 344, in parse
    loader.exec_module(new_module)
  File "<frozen importlib._bootstrap_external>", line 843, in exec_module
  File "<frozen importlib._bootstrap>", line 219, in _call_with_frames_removed
  File "/opt/airflow/dags/job1_ingestion_dag.py", line 4, in <module>
    from src.job1_producer import produce_data
ModuleNotFoundError: No module named 'src'
[2025-12-17T10:15:40.024+0000] {processor.py:842} WARNING - No viable dags retrieved from /opt/airflow/dags/job1_ingestion_dag.py
[2025-12-17T10:15:40.328+0000] {processor.py:183} INFO - Processing /opt/airflow/dags/job1_ingestion_dag.py took 0.529 seconds
[2025-12-17T10:16:11.947+0000] {processor.py:161} INFO - Started process (PID=97) to work on /opt/airflow/dags/job1_ingestion_dag.py
[2025-12-17T10:16:11.951+0000] {processor.py:830} INFO - Processing file /opt/airflow/dags/job1_ingestion_dag.py for tasks to queue
[2025-12-17T10:16:11.953+0000] {logging_mixin.py:188} INFO - [2025-12-17T10:16:11.952+0000] {dagbag.py:538} INFO - Filling up the DagBag from /opt/airflow/dags/job1_ingestion_dag.py
[2025-12-17T10:16:12.009+0000] {logging_mixin.py:188} INFO - [2025-12-17T10:16:11.991+0000] {dagbag.py:348} ERROR - Failed to import: /opt/airflow/dags/job1_ingestion_dag.py
Traceback (most recent call last):
  File "/home/airflow/.local/lib/python3.8/site-packages/airflow/models/dagbag.py", line 344, in parse
    loader.exec_module(new_module)
  File "<frozen importlib._bootstrap_external>", line 843, in exec_module
  File "<frozen importlib._bootstrap>", line 219, in _call_with_frames_removed
  File "/opt/airflow/dags/job1_ingestion_dag.py", line 4, in <module>
    from src.job1_producer import produce_data
ModuleNotFoundError: No module named 'src'
[2025-12-17T10:16:12.013+0000] {processor.py:842} WARNING - No viable dags retrieved from /opt/airflow/dags/job1_ingestion_dag.py
[2025-12-17T10:16:12.118+0000] {processor.py:183} INFO - Processing /opt/airflow/dags/job1_ingestion_dag.py took 0.178 seconds
[2025-12-17T10:16:42.708+0000] {processor.py:161} INFO - Started process (PID=100) to work on /opt/airflow/dags/job1_ingestion_dag.py
[2025-12-17T10:16:42.711+0000] {processor.py:830} INFO - Processing file /opt/airflow/dags/job1_ingestion_dag.py for tasks to queue
[2025-12-17T10:16:42.713+0000] {logging_mixin.py:188} INFO - [2025-12-17T10:16:42.712+0000] {dagbag.py:538} INFO - Filling up the DagBag from /opt/airflow/dags/job1_ingestion_dag.py
[2025-12-17T10:16:42.748+0000] {logging_mixin.py:188} INFO - [2025-12-17T10:16:42.742+0000] {dagbag.py:348} ERROR - Failed to import: /opt/airflow/dags/job1_ingestion_dag.py
Traceback (most recent call last):
  File "/home/airflow/.local/lib/python3.8/site-packages/airflow/models/dagbag.py", line 344, in parse
    loader.exec_module(new_module)
  File "<frozen importlib._bootstrap_external>", line 843, in exec_module
  File "<frozen importlib._bootstrap>", line 219, in _call_with_frames_removed
  File "/opt/airflow/dags/job1_ingestion_dag.py", line 4, in <module>
    from src.job1_producer import produce_data
ModuleNotFoundError: No module named 'src'
[2025-12-17T10:16:42.752+0000] {processor.py:842} WARNING - No viable dags retrieved from /opt/airflow/dags/job1_ingestion_dag.py
[2025-12-17T10:16:42.826+0000] {processor.py:183} INFO - Processing /opt/airflow/dags/job1_ingestion_dag.py took 0.123 seconds
[2025-12-17T10:17:13.135+0000] {processor.py:161} INFO - Started process (PID=103) to work on /opt/airflow/dags/job1_ingestion_dag.py
[2025-12-17T10:17:13.139+0000] {processor.py:830} INFO - Processing file /opt/airflow/dags/job1_ingestion_dag.py for tasks to queue
[2025-12-17T10:17:13.141+0000] {logging_mixin.py:188} INFO - [2025-12-17T10:17:13.141+0000] {dagbag.py:538} INFO - Filling up the DagBag from /opt/airflow/dags/job1_ingestion_dag.py
[2025-12-17T10:17:13.175+0000] {logging_mixin.py:188} INFO - [2025-12-17T10:17:13.170+0000] {dagbag.py:348} ERROR - Failed to import: /opt/airflow/dags/job1_ingestion_dag.py
Traceback (most recent call last):
  File "/home/airflow/.local/lib/python3.8/site-packages/airflow/models/dagbag.py", line 344, in parse
    loader.exec_module(new_module)
  File "<frozen importlib._bootstrap_external>", line 843, in exec_module
  File "<frozen importlib._bootstrap>", line 219, in _call_with_frames_removed
  File "/opt/airflow/dags/job1_ingestion_dag.py", line 4, in <module>
    from src.job1_producer import produce_data
ModuleNotFoundError: No module named 'src'
[2025-12-17T10:17:13.178+0000] {processor.py:842} WARNING - No viable dags retrieved from /opt/airflow/dags/job1_ingestion_dag.py
[2025-12-17T10:17:13.259+0000] {processor.py:183} INFO - Processing /opt/airflow/dags/job1_ingestion_dag.py took 0.131 seconds
[2025-12-17T10:17:43.574+0000] {processor.py:161} INFO - Started process (PID=106) to work on /opt/airflow/dags/job1_ingestion_dag.py
[2025-12-17T10:17:43.576+0000] {processor.py:830} INFO - Processing file /opt/airflow/dags/job1_ingestion_dag.py for tasks to queue
[2025-12-17T10:17:43.579+0000] {logging_mixin.py:188} INFO - [2025-12-17T10:17:43.578+0000] {dagbag.py:538} INFO - Filling up the DagBag from /opt/airflow/dags/job1_ingestion_dag.py
[2025-12-17T10:17:43.610+0000] {logging_mixin.py:188} INFO - [2025-12-17T10:17:43.602+0000] {dagbag.py:348} ERROR - Failed to import: /opt/airflow/dags/job1_ingestion_dag.py
Traceback (most recent call last):
  File "/home/airflow/.local/lib/python3.8/site-packages/airflow/models/dagbag.py", line 344, in parse
    loader.exec_module(new_module)
  File "<frozen importlib._bootstrap_external>", line 843, in exec_module
  File "<frozen importlib._bootstrap>", line 219, in _call_with_frames_removed
  File "/opt/airflow/dags/job1_ingestion_dag.py", line 4, in <module>
    from src.job1_producer import produce_data
ModuleNotFoundError: No module named 'src'
[2025-12-17T10:17:43.612+0000] {processor.py:842} WARNING - No viable dags retrieved from /opt/airflow/dags/job1_ingestion_dag.py
[2025-12-17T10:17:43.665+0000] {processor.py:183} INFO - Processing /opt/airflow/dags/job1_ingestion_dag.py took 0.097 seconds
[2025-12-17T10:18:14.014+0000] {processor.py:161} INFO - Started process (PID=109) to work on /opt/airflow/dags/job1_ingestion_dag.py
[2025-12-17T10:18:14.017+0000] {processor.py:830} INFO - Processing file /opt/airflow/dags/job1_ingestion_dag.py for tasks to queue
[2025-12-17T10:18:14.018+0000] {logging_mixin.py:188} INFO - [2025-12-17T10:18:14.018+0000] {dagbag.py:538} INFO - Filling up the DagBag from /opt/airflow/dags/job1_ingestion_dag.py
[2025-12-17T10:18:14.053+0000] {logging_mixin.py:188} INFO - [2025-12-17T10:18:14.047+0000] {dagbag.py:348} ERROR - Failed to import: /opt/airflow/dags/job1_ingestion_dag.py
Traceback (most recent call last):
  File "/home/airflow/.local/lib/python3.8/site-packages/airflow/models/dagbag.py", line 344, in parse
    loader.exec_module(new_module)
  File "<frozen importlib._bootstrap_external>", line 843, in exec_module
  File "<frozen importlib._bootstrap>", line 219, in _call_with_frames_removed
  File "/opt/airflow/dags/job1_ingestion_dag.py", line 4, in <module>
    from src.job1_producer import produce_data
ModuleNotFoundError: No module named 'src'
[2025-12-17T10:18:14.056+0000] {processor.py:842} WARNING - No viable dags retrieved from /opt/airflow/dags/job1_ingestion_dag.py
[2025-12-17T10:18:14.121+0000] {processor.py:183} INFO - Processing /opt/airflow/dags/job1_ingestion_dag.py took 0.112 seconds
[2025-12-17T10:18:44.355+0000] {processor.py:161} INFO - Started process (PID=112) to work on /opt/airflow/dags/job1_ingestion_dag.py
[2025-12-17T10:18:44.357+0000] {processor.py:830} INFO - Processing file /opt/airflow/dags/job1_ingestion_dag.py for tasks to queue
[2025-12-17T10:18:44.359+0000] {logging_mixin.py:188} INFO - [2025-12-17T10:18:44.358+0000] {dagbag.py:538} INFO - Filling up the DagBag from /opt/airflow/dags/job1_ingestion_dag.py
[2025-12-17T10:18:44.387+0000] {logging_mixin.py:188} INFO - [2025-12-17T10:18:44.381+0000] {dagbag.py:348} ERROR - Failed to import: /opt/airflow/dags/job1_ingestion_dag.py
Traceback (most recent call last):
  File "/home/airflow/.local/lib/python3.8/site-packages/airflow/models/dagbag.py", line 344, in parse
    loader.exec_module(new_module)
  File "<frozen importlib._bootstrap_external>", line 843, in exec_module
  File "<frozen importlib._bootstrap>", line 219, in _call_with_frames_removed
  File "/opt/airflow/dags/job1_ingestion_dag.py", line 4, in <module>
    from src.job1_producer import produce_data
ModuleNotFoundError: No module named 'src'
[2025-12-17T10:18:44.389+0000] {processor.py:842} WARNING - No viable dags retrieved from /opt/airflow/dags/job1_ingestion_dag.py
[2025-12-17T10:18:44.488+0000] {processor.py:183} INFO - Processing /opt/airflow/dags/job1_ingestion_dag.py took 0.137 seconds
[2025-12-17T10:19:15.015+0000] {processor.py:161} INFO - Started process (PID=115) to work on /opt/airflow/dags/job1_ingestion_dag.py
[2025-12-17T10:19:15.020+0000] {processor.py:830} INFO - Processing file /opt/airflow/dags/job1_ingestion_dag.py for tasks to queue
[2025-12-17T10:19:15.022+0000] {logging_mixin.py:188} INFO - [2025-12-17T10:19:15.022+0000] {dagbag.py:538} INFO - Filling up the DagBag from /opt/airflow/dags/job1_ingestion_dag.py
[2025-12-17T10:19:15.118+0000] {logging_mixin.py:188} INFO - [2025-12-17T10:19:15.098+0000] {dagbag.py:348} ERROR - Failed to import: /opt/airflow/dags/job1_ingestion_dag.py
Traceback (most recent call last):
  File "/home/airflow/.local/lib/python3.8/site-packages/airflow/models/dagbag.py", line 344, in parse
    loader.exec_module(new_module)
  File "<frozen importlib._bootstrap_external>", line 843, in exec_module
  File "<frozen importlib._bootstrap>", line 219, in _call_with_frames_removed
  File "/opt/airflow/dags/job1_ingestion_dag.py", line 4, in <module>
    from src.job1_producer import produce_data
ModuleNotFoundError: No module named 'src'
[2025-12-17T10:19:15.122+0000] {processor.py:842} WARNING - No viable dags retrieved from /opt/airflow/dags/job1_ingestion_dag.py
[2025-12-17T10:19:15.195+0000] {processor.py:183} INFO - Processing /opt/airflow/dags/job1_ingestion_dag.py took 0.185 seconds
[2025-12-17T10:19:45.755+0000] {processor.py:161} INFO - Started process (PID=118) to work on /opt/airflow/dags/job1_ingestion_dag.py
[2025-12-17T10:19:45.762+0000] {processor.py:830} INFO - Processing file /opt/airflow/dags/job1_ingestion_dag.py for tasks to queue
[2025-12-17T10:19:45.766+0000] {logging_mixin.py:188} INFO - [2025-12-17T10:19:45.765+0000] {dagbag.py:538} INFO - Filling up the DagBag from /opt/airflow/dags/job1_ingestion_dag.py
[2025-12-17T10:19:45.832+0000] {logging_mixin.py:188} INFO - [2025-12-17T10:19:45.824+0000] {dagbag.py:348} ERROR - Failed to import: /opt/airflow/dags/job1_ingestion_dag.py
Traceback (most recent call last):
  File "/home/airflow/.local/lib/python3.8/site-packages/airflow/models/dagbag.py", line 344, in parse
    loader.exec_module(new_module)
  File "<frozen importlib._bootstrap_external>", line 843, in exec_module
  File "<frozen importlib._bootstrap>", line 219, in _call_with_frames_removed
  File "/opt/airflow/dags/job1_ingestion_dag.py", line 4, in <module>
    from src.job1_producer import produce_data
ModuleNotFoundError: No module named 'src'
[2025-12-17T10:19:45.839+0000] {processor.py:842} WARNING - No viable dags retrieved from /opt/airflow/dags/job1_ingestion_dag.py
[2025-12-17T10:19:45.937+0000] {processor.py:183} INFO - Processing /opt/airflow/dags/job1_ingestion_dag.py took 0.191 seconds
[2025-12-17T10:20:16.991+0000] {processor.py:161} INFO - Started process (PID=121) to work on /opt/airflow/dags/job1_ingestion_dag.py
[2025-12-17T10:20:16.993+0000] {processor.py:830} INFO - Processing file /opt/airflow/dags/job1_ingestion_dag.py for tasks to queue
[2025-12-17T10:20:16.995+0000] {logging_mixin.py:188} INFO - [2025-12-17T10:20:16.995+0000] {dagbag.py:538} INFO - Filling up the DagBag from /opt/airflow/dags/job1_ingestion_dag.py
[2025-12-17T10:20:17.036+0000] {logging_mixin.py:188} INFO - [2025-12-17T10:20:17.028+0000] {dagbag.py:348} ERROR - Failed to import: /opt/airflow/dags/job1_ingestion_dag.py
Traceback (most recent call last):
  File "/home/airflow/.local/lib/python3.8/site-packages/airflow/models/dagbag.py", line 344, in parse
    loader.exec_module(new_module)
  File "<frozen importlib._bootstrap_external>", line 843, in exec_module
  File "<frozen importlib._bootstrap>", line 219, in _call_with_frames_removed
  File "/opt/airflow/dags/job1_ingestion_dag.py", line 4, in <module>
    from src.job1_producer import produce_data
ModuleNotFoundError: No module named 'src'
[2025-12-17T10:20:17.039+0000] {processor.py:842} WARNING - No viable dags retrieved from /opt/airflow/dags/job1_ingestion_dag.py
[2025-12-17T10:20:17.097+0000] {processor.py:183} INFO - Processing /opt/airflow/dags/job1_ingestion_dag.py took 0.110 seconds
[2025-12-17T10:20:51.313+0000] {processor.py:161} INFO - Started process (PID=124) to work on /opt/airflow/dags/job1_ingestion_dag.py
[2025-12-17T10:20:51.335+0000] {processor.py:830} INFO - Processing file /opt/airflow/dags/job1_ingestion_dag.py for tasks to queue
[2025-12-17T10:20:51.342+0000] {logging_mixin.py:188} INFO - [2025-12-17T10:20:51.341+0000] {dagbag.py:538} INFO - Filling up the DagBag from /opt/airflow/dags/job1_ingestion_dag.py
[2025-12-17T10:20:51.453+0000] {logging_mixin.py:188} INFO - [2025-12-17T10:20:51.445+0000] {dagbag.py:348} ERROR - Failed to import: /opt/airflow/dags/job1_ingestion_dag.py
Traceback (most recent call last):
  File "/home/airflow/.local/lib/python3.8/site-packages/airflow/models/dagbag.py", line 344, in parse
    loader.exec_module(new_module)
  File "<frozen importlib._bootstrap_external>", line 843, in exec_module
  File "<frozen importlib._bootstrap>", line 219, in _call_with_frames_removed
  File "/opt/airflow/dags/job1_ingestion_dag.py", line 4, in <module>
    from src.job1_producer import produce_data
ModuleNotFoundError: No module named 'src'
[2025-12-17T10:20:51.456+0000] {processor.py:842} WARNING - No viable dags retrieved from /opt/airflow/dags/job1_ingestion_dag.py
[2025-12-17T10:20:51.595+0000] {processor.py:183} INFO - Processing /opt/airflow/dags/job1_ingestion_dag.py took 0.290 seconds
[2025-12-17T10:21:24.521+0000] {processor.py:161} INFO - Started process (PID=127) to work on /opt/airflow/dags/job1_ingestion_dag.py
[2025-12-17T10:21:24.527+0000] {processor.py:830} INFO - Processing file /opt/airflow/dags/job1_ingestion_dag.py for tasks to queue
[2025-12-17T10:21:24.529+0000] {logging_mixin.py:188} INFO - [2025-12-17T10:21:24.528+0000] {dagbag.py:538} INFO - Filling up the DagBag from /opt/airflow/dags/job1_ingestion_dag.py
[2025-12-17T10:21:24.573+0000] {logging_mixin.py:188} INFO - [2025-12-17T10:21:24.563+0000] {dagbag.py:348} ERROR - Failed to import: /opt/airflow/dags/job1_ingestion_dag.py
Traceback (most recent call last):
  File "/home/airflow/.local/lib/python3.8/site-packages/airflow/models/dagbag.py", line 344, in parse
    loader.exec_module(new_module)
  File "<frozen importlib._bootstrap_external>", line 843, in exec_module
  File "<frozen importlib._bootstrap>", line 219, in _call_with_frames_removed
  File "/opt/airflow/dags/job1_ingestion_dag.py", line 4, in <module>
    from src.job1_producer import produce_data
ModuleNotFoundError: No module named 'src'
[2025-12-17T10:21:24.576+0000] {processor.py:842} WARNING - No viable dags retrieved from /opt/airflow/dags/job1_ingestion_dag.py
[2025-12-17T10:21:25.275+0000] {processor.py:183} INFO - Processing /opt/airflow/dags/job1_ingestion_dag.py took 0.773 seconds
[2025-12-17T10:21:57.377+0000] {processor.py:161} INFO - Started process (PID=130) to work on /opt/airflow/dags/job1_ingestion_dag.py
[2025-12-17T10:21:57.379+0000] {processor.py:830} INFO - Processing file /opt/airflow/dags/job1_ingestion_dag.py for tasks to queue
[2025-12-17T10:21:57.382+0000] {logging_mixin.py:188} INFO - [2025-12-17T10:21:57.381+0000] {dagbag.py:538} INFO - Filling up the DagBag from /opt/airflow/dags/job1_ingestion_dag.py
[2025-12-17T10:21:57.430+0000] {logging_mixin.py:188} INFO - [2025-12-17T10:21:57.423+0000] {dagbag.py:348} ERROR - Failed to import: /opt/airflow/dags/job1_ingestion_dag.py
Traceback (most recent call last):
  File "/home/airflow/.local/lib/python3.8/site-packages/airflow/models/dagbag.py", line 344, in parse
    loader.exec_module(new_module)
  File "<frozen importlib._bootstrap_external>", line 843, in exec_module
  File "<frozen importlib._bootstrap>", line 219, in _call_with_frames_removed
  File "/opt/airflow/dags/job1_ingestion_dag.py", line 4, in <module>
    from src.job1_producer import produce_data
ModuleNotFoundError: No module named 'src'
[2025-12-17T10:21:57.433+0000] {processor.py:842} WARNING - No viable dags retrieved from /opt/airflow/dags/job1_ingestion_dag.py
[2025-12-17T10:21:57.506+0000] {processor.py:183} INFO - Processing /opt/airflow/dags/job1_ingestion_dag.py took 0.136 seconds
[2025-12-17T10:22:28.760+0000] {processor.py:161} INFO - Started process (PID=133) to work on /opt/airflow/dags/job1_ingestion_dag.py
[2025-12-17T10:22:28.763+0000] {processor.py:830} INFO - Processing file /opt/airflow/dags/job1_ingestion_dag.py for tasks to queue
[2025-12-17T10:22:28.765+0000] {logging_mixin.py:188} INFO - [2025-12-17T10:22:28.765+0000] {dagbag.py:538} INFO - Filling up the DagBag from /opt/airflow/dags/job1_ingestion_dag.py
[2025-12-17T10:22:28.801+0000] {logging_mixin.py:188} INFO - [2025-12-17T10:22:28.796+0000] {dagbag.py:348} ERROR - Failed to import: /opt/airflow/dags/job1_ingestion_dag.py
Traceback (most recent call last):
  File "/home/airflow/.local/lib/python3.8/site-packages/airflow/models/dagbag.py", line 344, in parse
    loader.exec_module(new_module)
  File "<frozen importlib._bootstrap_external>", line 843, in exec_module
  File "<frozen importlib._bootstrap>", line 219, in _call_with_frames_removed
  File "/opt/airflow/dags/job1_ingestion_dag.py", line 4, in <module>
    from src.job1_producer import produce_data
ModuleNotFoundError: No module named 'src'
[2025-12-17T10:22:28.803+0000] {processor.py:842} WARNING - No viable dags retrieved from /opt/airflow/dags/job1_ingestion_dag.py
[2025-12-17T10:22:28.871+0000] {processor.py:183} INFO - Processing /opt/airflow/dags/job1_ingestion_dag.py took 0.115 seconds
[2025-12-17T10:23:00.385+0000] {processor.py:161} INFO - Started process (PID=136) to work on /opt/airflow/dags/job1_ingestion_dag.py
[2025-12-17T10:23:00.388+0000] {processor.py:830} INFO - Processing file /opt/airflow/dags/job1_ingestion_dag.py for tasks to queue
[2025-12-17T10:23:00.392+0000] {logging_mixin.py:188} INFO - [2025-12-17T10:23:00.391+0000] {dagbag.py:538} INFO - Filling up the DagBag from /opt/airflow/dags/job1_ingestion_dag.py
[2025-12-17T10:23:00.426+0000] {logging_mixin.py:188} INFO - [2025-12-17T10:23:00.421+0000] {dagbag.py:348} ERROR - Failed to import: /opt/airflow/dags/job1_ingestion_dag.py
Traceback (most recent call last):
  File "/home/airflow/.local/lib/python3.8/site-packages/airflow/models/dagbag.py", line 344, in parse
    loader.exec_module(new_module)
  File "<frozen importlib._bootstrap_external>", line 843, in exec_module
  File "<frozen importlib._bootstrap>", line 219, in _call_with_frames_removed
  File "/opt/airflow/dags/job1_ingestion_dag.py", line 4, in <module>
    from src.job1_producer import produce_data
ModuleNotFoundError: No module named 'src'
[2025-12-17T10:23:00.428+0000] {processor.py:842} WARNING - No viable dags retrieved from /opt/airflow/dags/job1_ingestion_dag.py
[2025-12-17T10:23:00.485+0000] {processor.py:183} INFO - Processing /opt/airflow/dags/job1_ingestion_dag.py took 0.110 seconds
