[2025-12-17T10:05:41.833+0000] {processor.py:161} INFO - Started process (PID=31) to work on /opt/airflow/dags/job3_daily_summary_dag.py
[2025-12-17T10:05:41.840+0000] {processor.py:830} INFO - Processing file /opt/airflow/dags/job3_daily_summary_dag.py for tasks to queue
[2025-12-17T10:05:41.968+0000] {logging_mixin.py:188} INFO - [2025-12-17T10:05:41.947+0000] {dagbag.py:538} INFO - Filling up the DagBag from /opt/airflow/dags/job3_daily_summary_dag.py
[2025-12-17T10:05:43.935+0000] {logging_mixin.py:188} INFO - [2025-12-17T10:05:43.763+0000] {dagbag.py:348} ERROR - Failed to import: /opt/airflow/dags/job3_daily_summary_dag.py
Traceback (most recent call last):
  File "/home/airflow/.local/lib/python3.8/site-packages/airflow/models/dagbag.py", line 344, in parse
    loader.exec_module(new_module)
  File "<frozen importlib._bootstrap_external>", line 843, in exec_module
  File "<frozen importlib._bootstrap>", line 219, in _call_with_frames_removed
  File "/opt/airflow/dags/job3_daily_summary_dag.py", line 4, in <module>
    from src.job3_analytics import compute_daily_summary
ModuleNotFoundError: No module named 'src'
[2025-12-17T10:05:43.956+0000] {processor.py:842} WARNING - No viable dags retrieved from /opt/airflow/dags/job3_daily_summary_dag.py
[2025-12-17T10:05:44.694+0000] {processor.py:183} INFO - Processing /opt/airflow/dags/job3_daily_summary_dag.py took 3.188 seconds
[2025-12-17T10:06:15.171+0000] {processor.py:161} INFO - Started process (PID=42) to work on /opt/airflow/dags/job3_daily_summary_dag.py
[2025-12-17T10:06:15.183+0000] {processor.py:830} INFO - Processing file /opt/airflow/dags/job3_daily_summary_dag.py for tasks to queue
[2025-12-17T10:06:15.199+0000] {logging_mixin.py:188} INFO - [2025-12-17T10:06:15.189+0000] {dagbag.py:538} INFO - Filling up the DagBag from /opt/airflow/dags/job3_daily_summary_dag.py
[2025-12-17T10:06:15.312+0000] {logging_mixin.py:188} INFO - [2025-12-17T10:06:15.288+0000] {dagbag.py:348} ERROR - Failed to import: /opt/airflow/dags/job3_daily_summary_dag.py
Traceback (most recent call last):
  File "/home/airflow/.local/lib/python3.8/site-packages/airflow/models/dagbag.py", line 344, in parse
    loader.exec_module(new_module)
  File "<frozen importlib._bootstrap_external>", line 843, in exec_module
  File "<frozen importlib._bootstrap>", line 219, in _call_with_frames_removed
  File "/opt/airflow/dags/job3_daily_summary_dag.py", line 4, in <module>
    from src.job3_analytics import compute_daily_summary
ModuleNotFoundError: No module named 'src'
[2025-12-17T10:06:15.320+0000] {processor.py:842} WARNING - No viable dags retrieved from /opt/airflow/dags/job3_daily_summary_dag.py
[2025-12-17T10:06:15.585+0000] {processor.py:183} INFO - Processing /opt/airflow/dags/job3_daily_summary_dag.py took 0.451 seconds
[2025-12-17T10:06:48.382+0000] {processor.py:161} INFO - Started process (PID=45) to work on /opt/airflow/dags/job3_daily_summary_dag.py
[2025-12-17T10:06:48.442+0000] {processor.py:830} INFO - Processing file /opt/airflow/dags/job3_daily_summary_dag.py for tasks to queue
[2025-12-17T10:06:48.487+0000] {logging_mixin.py:188} INFO - [2025-12-17T10:06:48.446+0000] {dagbag.py:538} INFO - Filling up the DagBag from /opt/airflow/dags/job3_daily_summary_dag.py
[2025-12-17T10:06:49.078+0000] {logging_mixin.py:188} INFO - [2025-12-17T10:06:48.965+0000] {dagbag.py:348} ERROR - Failed to import: /opt/airflow/dags/job3_daily_summary_dag.py
Traceback (most recent call last):
  File "/home/airflow/.local/lib/python3.8/site-packages/airflow/models/dagbag.py", line 344, in parse
    loader.exec_module(new_module)
  File "<frozen importlib._bootstrap_external>", line 843, in exec_module
  File "<frozen importlib._bootstrap>", line 219, in _call_with_frames_removed
  File "/opt/airflow/dags/job3_daily_summary_dag.py", line 4, in <module>
    from src.job3_analytics import compute_daily_summary
ModuleNotFoundError: No module named 'src'
[2025-12-17T10:06:49.141+0000] {processor.py:842} WARNING - No viable dags retrieved from /opt/airflow/dags/job3_daily_summary_dag.py
[2025-12-17T10:06:49.315+0000] {processor.py:183} INFO - Processing /opt/airflow/dags/job3_daily_summary_dag.py took 0.972 seconds
[2025-12-17T10:07:23.837+0000] {processor.py:161} INFO - Started process (PID=31) to work on /opt/airflow/dags/job3_daily_summary_dag.py
[2025-12-17T10:07:23.841+0000] {processor.py:830} INFO - Processing file /opt/airflow/dags/job3_daily_summary_dag.py for tasks to queue
[2025-12-17T10:07:23.845+0000] {logging_mixin.py:188} INFO - [2025-12-17T10:07:23.844+0000] {dagbag.py:538} INFO - Filling up the DagBag from /opt/airflow/dags/job3_daily_summary_dag.py
[2025-12-17T10:07:23.884+0000] {logging_mixin.py:188} INFO - [2025-12-17T10:07:23.876+0000] {dagbag.py:348} ERROR - Failed to import: /opt/airflow/dags/job3_daily_summary_dag.py
Traceback (most recent call last):
  File "/home/airflow/.local/lib/python3.8/site-packages/airflow/models/dagbag.py", line 344, in parse
    loader.exec_module(new_module)
  File "<frozen importlib._bootstrap_external>", line 843, in exec_module
  File "<frozen importlib._bootstrap>", line 219, in _call_with_frames_removed
  File "/opt/airflow/dags/job3_daily_summary_dag.py", line 4, in <module>
    from src.job3_analytics import compute_daily_summary
ModuleNotFoundError: No module named 'src'
[2025-12-17T10:07:23.892+0000] {processor.py:842} WARNING - No viable dags retrieved from /opt/airflow/dags/job3_daily_summary_dag.py
[2025-12-17T10:07:23.974+0000] {processor.py:183} INFO - Processing /opt/airflow/dags/job3_daily_summary_dag.py took 0.145 seconds
[2025-12-17T10:08:00.965+0000] {processor.py:161} INFO - Started process (PID=42) to work on /opt/airflow/dags/job3_daily_summary_dag.py
[2025-12-17T10:08:01.008+0000] {processor.py:830} INFO - Processing file /opt/airflow/dags/job3_daily_summary_dag.py for tasks to queue
[2025-12-17T10:08:01.035+0000] {logging_mixin.py:188} INFO - [2025-12-17T10:08:01.023+0000] {dagbag.py:538} INFO - Filling up the DagBag from /opt/airflow/dags/job3_daily_summary_dag.py
[2025-12-17T10:08:01.180+0000] {logging_mixin.py:188} INFO - [2025-12-17T10:08:01.161+0000] {dagbag.py:348} ERROR - Failed to import: /opt/airflow/dags/job3_daily_summary_dag.py
Traceback (most recent call last):
  File "/home/airflow/.local/lib/python3.8/site-packages/airflow/models/dagbag.py", line 344, in parse
    loader.exec_module(new_module)
  File "<frozen importlib._bootstrap_external>", line 843, in exec_module
  File "<frozen importlib._bootstrap>", line 219, in _call_with_frames_removed
  File "/opt/airflow/dags/job3_daily_summary_dag.py", line 4, in <module>
    from src.job3_analytics import compute_daily_summary
ModuleNotFoundError: No module named 'src'
[2025-12-17T10:08:01.185+0000] {processor.py:842} WARNING - No viable dags retrieved from /opt/airflow/dags/job3_daily_summary_dag.py
[2025-12-17T10:08:01.486+0000] {processor.py:183} INFO - Processing /opt/airflow/dags/job3_daily_summary_dag.py took 0.665 seconds
[2025-12-17T10:08:32.062+0000] {processor.py:161} INFO - Started process (PID=46) to work on /opt/airflow/dags/job3_daily_summary_dag.py
[2025-12-17T10:08:32.070+0000] {processor.py:830} INFO - Processing file /opt/airflow/dags/job3_daily_summary_dag.py for tasks to queue
[2025-12-17T10:08:32.077+0000] {logging_mixin.py:188} INFO - [2025-12-17T10:08:32.073+0000] {dagbag.py:538} INFO - Filling up the DagBag from /opt/airflow/dags/job3_daily_summary_dag.py
[2025-12-17T10:08:32.179+0000] {logging_mixin.py:188} INFO - [2025-12-17T10:08:32.162+0000] {dagbag.py:348} ERROR - Failed to import: /opt/airflow/dags/job3_daily_summary_dag.py
Traceback (most recent call last):
  File "/home/airflow/.local/lib/python3.8/site-packages/airflow/models/dagbag.py", line 344, in parse
    loader.exec_module(new_module)
  File "<frozen importlib._bootstrap_external>", line 843, in exec_module
  File "<frozen importlib._bootstrap>", line 219, in _call_with_frames_removed
  File "/opt/airflow/dags/job3_daily_summary_dag.py", line 4, in <module>
    from src.job3_analytics import compute_daily_summary
ModuleNotFoundError: No module named 'src'
[2025-12-17T10:08:32.183+0000] {processor.py:842} WARNING - No viable dags retrieved from /opt/airflow/dags/job3_daily_summary_dag.py
[2025-12-17T10:08:32.352+0000] {processor.py:183} INFO - Processing /opt/airflow/dags/job3_daily_summary_dag.py took 0.318 seconds
[2025-12-17T10:09:03.156+0000] {processor.py:161} INFO - Started process (PID=53) to work on /opt/airflow/dags/job3_daily_summary_dag.py
[2025-12-17T10:09:03.159+0000] {processor.py:830} INFO - Processing file /opt/airflow/dags/job3_daily_summary_dag.py for tasks to queue
[2025-12-17T10:09:03.162+0000] {logging_mixin.py:188} INFO - [2025-12-17T10:09:03.161+0000] {dagbag.py:538} INFO - Filling up the DagBag from /opt/airflow/dags/job3_daily_summary_dag.py
[2025-12-17T10:09:03.203+0000] {logging_mixin.py:188} INFO - [2025-12-17T10:09:03.194+0000] {dagbag.py:348} ERROR - Failed to import: /opt/airflow/dags/job3_daily_summary_dag.py
Traceback (most recent call last):
  File "/home/airflow/.local/lib/python3.8/site-packages/airflow/models/dagbag.py", line 344, in parse
    loader.exec_module(new_module)
  File "<frozen importlib._bootstrap_external>", line 843, in exec_module
  File "<frozen importlib._bootstrap>", line 219, in _call_with_frames_removed
  File "/opt/airflow/dags/job3_daily_summary_dag.py", line 4, in <module>
    from src.job3_analytics import compute_daily_summary
ModuleNotFoundError: No module named 'src'
[2025-12-17T10:09:03.205+0000] {processor.py:842} WARNING - No viable dags retrieved from /opt/airflow/dags/job3_daily_summary_dag.py
[2025-12-17T10:09:03.266+0000] {processor.py:183} INFO - Processing /opt/airflow/dags/job3_daily_summary_dag.py took 0.118 seconds
[2025-12-17T10:09:42.492+0000] {processor.py:161} INFO - Started process (PID=56) to work on /opt/airflow/dags/job3_daily_summary_dag.py
[2025-12-17T10:09:42.514+0000] {processor.py:830} INFO - Processing file /opt/airflow/dags/job3_daily_summary_dag.py for tasks to queue
[2025-12-17T10:09:42.550+0000] {logging_mixin.py:188} INFO - [2025-12-17T10:09:42.530+0000] {dagbag.py:538} INFO - Filling up the DagBag from /opt/airflow/dags/job3_daily_summary_dag.py
[2025-12-17T10:09:42.773+0000] {logging_mixin.py:188} INFO - [2025-12-17T10:09:42.751+0000] {dagbag.py:348} ERROR - Failed to import: /opt/airflow/dags/job3_daily_summary_dag.py
Traceback (most recent call last):
  File "/home/airflow/.local/lib/python3.8/site-packages/airflow/models/dagbag.py", line 344, in parse
    loader.exec_module(new_module)
  File "<frozen importlib._bootstrap_external>", line 843, in exec_module
  File "<frozen importlib._bootstrap>", line 219, in _call_with_frames_removed
  File "/opt/airflow/dags/job3_daily_summary_dag.py", line 4, in <module>
    from src.job3_analytics import compute_daily_summary
ModuleNotFoundError: No module named 'src'
[2025-12-17T10:09:42.778+0000] {processor.py:842} WARNING - No viable dags retrieved from /opt/airflow/dags/job3_daily_summary_dag.py
[2025-12-17T10:09:43.060+0000] {processor.py:183} INFO - Processing /opt/airflow/dags/job3_daily_summary_dag.py took 0.657 seconds
[2025-12-17T10:10:14.112+0000] {processor.py:161} INFO - Started process (PID=60) to work on /opt/airflow/dags/job3_daily_summary_dag.py
[2025-12-17T10:10:14.127+0000] {processor.py:830} INFO - Processing file /opt/airflow/dags/job3_daily_summary_dag.py for tasks to queue
[2025-12-17T10:10:14.144+0000] {logging_mixin.py:188} INFO - [2025-12-17T10:10:14.138+0000] {dagbag.py:538} INFO - Filling up the DagBag from /opt/airflow/dags/job3_daily_summary_dag.py
[2025-12-17T10:10:14.250+0000] {logging_mixin.py:188} INFO - [2025-12-17T10:10:14.240+0000] {dagbag.py:348} ERROR - Failed to import: /opt/airflow/dags/job3_daily_summary_dag.py
Traceback (most recent call last):
  File "/home/airflow/.local/lib/python3.8/site-packages/airflow/models/dagbag.py", line 344, in parse
    loader.exec_module(new_module)
  File "<frozen importlib._bootstrap_external>", line 843, in exec_module
  File "<frozen importlib._bootstrap>", line 219, in _call_with_frames_removed
  File "/opt/airflow/dags/job3_daily_summary_dag.py", line 4, in <module>
    from src.job3_analytics import compute_daily_summary
ModuleNotFoundError: No module named 'src'
[2025-12-17T10:10:14.254+0000] {processor.py:842} WARNING - No viable dags retrieved from /opt/airflow/dags/job3_daily_summary_dag.py
[2025-12-17T10:10:14.511+0000] {processor.py:183} INFO - Processing /opt/airflow/dags/job3_daily_summary_dag.py took 0.469 seconds
[2025-12-17T10:10:45.521+0000] {processor.py:161} INFO - Started process (PID=64) to work on /opt/airflow/dags/job3_daily_summary_dag.py
[2025-12-17T10:10:45.524+0000] {processor.py:830} INFO - Processing file /opt/airflow/dags/job3_daily_summary_dag.py for tasks to queue
[2025-12-17T10:10:45.528+0000] {logging_mixin.py:188} INFO - [2025-12-17T10:10:45.526+0000] {dagbag.py:538} INFO - Filling up the DagBag from /opt/airflow/dags/job3_daily_summary_dag.py
[2025-12-17T10:10:45.578+0000] {logging_mixin.py:188} INFO - [2025-12-17T10:10:45.566+0000] {dagbag.py:348} ERROR - Failed to import: /opt/airflow/dags/job3_daily_summary_dag.py
Traceback (most recent call last):
  File "/home/airflow/.local/lib/python3.8/site-packages/airflow/models/dagbag.py", line 344, in parse
    loader.exec_module(new_module)
  File "<frozen importlib._bootstrap_external>", line 843, in exec_module
  File "<frozen importlib._bootstrap>", line 219, in _call_with_frames_removed
  File "/opt/airflow/dags/job3_daily_summary_dag.py", line 4, in <module>
    from src.job3_analytics import compute_daily_summary
ModuleNotFoundError: No module named 'src'
[2025-12-17T10:10:45.581+0000] {processor.py:842} WARNING - No viable dags retrieved from /opt/airflow/dags/job3_daily_summary_dag.py
[2025-12-17T10:10:45.652+0000] {processor.py:183} INFO - Processing /opt/airflow/dags/job3_daily_summary_dag.py took 0.143 seconds
[2025-12-17T10:11:21.052+0000] {processor.py:161} INFO - Started process (PID=68) to work on /opt/airflow/dags/job3_daily_summary_dag.py
[2025-12-17T10:11:21.081+0000] {processor.py:830} INFO - Processing file /opt/airflow/dags/job3_daily_summary_dag.py for tasks to queue
[2025-12-17T10:11:21.119+0000] {logging_mixin.py:188} INFO - [2025-12-17T10:11:21.099+0000] {dagbag.py:538} INFO - Filling up the DagBag from /opt/airflow/dags/job3_daily_summary_dag.py
[2025-12-17T10:11:21.659+0000] {logging_mixin.py:188} INFO - [2025-12-17T10:11:21.623+0000] {dagbag.py:348} ERROR - Failed to import: /opt/airflow/dags/job3_daily_summary_dag.py
Traceback (most recent call last):
  File "/home/airflow/.local/lib/python3.8/site-packages/airflow/models/dagbag.py", line 344, in parse
    loader.exec_module(new_module)
  File "<frozen importlib._bootstrap_external>", line 843, in exec_module
  File "<frozen importlib._bootstrap>", line 219, in _call_with_frames_removed
  File "/opt/airflow/dags/job3_daily_summary_dag.py", line 4, in <module>
    from src.job3_analytics import compute_daily_summary
ModuleNotFoundError: No module named 'src'
[2025-12-17T10:11:21.667+0000] {processor.py:842} WARNING - No viable dags retrieved from /opt/airflow/dags/job3_daily_summary_dag.py
[2025-12-17T10:11:22.803+0000] {processor.py:183} INFO - Processing /opt/airflow/dags/job3_daily_summary_dag.py took 1.931 seconds
[2025-12-17T10:11:53.407+0000] {processor.py:161} INFO - Started process (PID=71) to work on /opt/airflow/dags/job3_daily_summary_dag.py
[2025-12-17T10:11:53.417+0000] {processor.py:830} INFO - Processing file /opt/airflow/dags/job3_daily_summary_dag.py for tasks to queue
[2025-12-17T10:11:53.432+0000] {logging_mixin.py:188} INFO - [2025-12-17T10:11:53.428+0000] {dagbag.py:538} INFO - Filling up the DagBag from /opt/airflow/dags/job3_daily_summary_dag.py
[2025-12-17T10:11:53.508+0000] {logging_mixin.py:188} INFO - [2025-12-17T10:11:53.495+0000] {dagbag.py:348} ERROR - Failed to import: /opt/airflow/dags/job3_daily_summary_dag.py
Traceback (most recent call last):
  File "/home/airflow/.local/lib/python3.8/site-packages/airflow/models/dagbag.py", line 344, in parse
    loader.exec_module(new_module)
  File "<frozen importlib._bootstrap_external>", line 843, in exec_module
  File "<frozen importlib._bootstrap>", line 219, in _call_with_frames_removed
  File "/opt/airflow/dags/job3_daily_summary_dag.py", line 4, in <module>
    from src.job3_analytics import compute_daily_summary
ModuleNotFoundError: No module named 'src'
[2025-12-17T10:11:53.511+0000] {processor.py:842} WARNING - No viable dags retrieved from /opt/airflow/dags/job3_daily_summary_dag.py
[2025-12-17T10:11:53.615+0000] {processor.py:183} INFO - Processing /opt/airflow/dags/job3_daily_summary_dag.py took 0.253 seconds
[2025-12-17T10:12:24.083+0000] {processor.py:161} INFO - Started process (PID=74) to work on /opt/airflow/dags/job3_daily_summary_dag.py
[2025-12-17T10:12:24.088+0000] {processor.py:830} INFO - Processing file /opt/airflow/dags/job3_daily_summary_dag.py for tasks to queue
[2025-12-17T10:12:24.090+0000] {logging_mixin.py:188} INFO - [2025-12-17T10:12:24.089+0000] {dagbag.py:538} INFO - Filling up the DagBag from /opt/airflow/dags/job3_daily_summary_dag.py
[2025-12-17T10:12:24.126+0000] {logging_mixin.py:188} INFO - [2025-12-17T10:12:24.117+0000] {dagbag.py:348} ERROR - Failed to import: /opt/airflow/dags/job3_daily_summary_dag.py
Traceback (most recent call last):
  File "/home/airflow/.local/lib/python3.8/site-packages/airflow/models/dagbag.py", line 344, in parse
    loader.exec_module(new_module)
  File "<frozen importlib._bootstrap_external>", line 843, in exec_module
  File "<frozen importlib._bootstrap>", line 219, in _call_with_frames_removed
  File "/opt/airflow/dags/job3_daily_summary_dag.py", line 4, in <module>
    from src.job3_analytics import compute_daily_summary
ModuleNotFoundError: No module named 'src'
[2025-12-17T10:12:24.128+0000] {processor.py:842} WARNING - No viable dags retrieved from /opt/airflow/dags/job3_daily_summary_dag.py
[2025-12-17T10:12:24.186+0000] {processor.py:183} INFO - Processing /opt/airflow/dags/job3_daily_summary_dag.py took 0.109 seconds
[2025-12-17T10:12:54.662+0000] {processor.py:161} INFO - Started process (PID=77) to work on /opt/airflow/dags/job3_daily_summary_dag.py
[2025-12-17T10:12:54.691+0000] {processor.py:830} INFO - Processing file /opt/airflow/dags/job3_daily_summary_dag.py for tasks to queue
[2025-12-17T10:12:54.700+0000] {logging_mixin.py:188} INFO - [2025-12-17T10:12:54.697+0000] {dagbag.py:538} INFO - Filling up the DagBag from /opt/airflow/dags/job3_daily_summary_dag.py
[2025-12-17T10:12:54.767+0000] {logging_mixin.py:188} INFO - [2025-12-17T10:12:54.755+0000] {dagbag.py:348} ERROR - Failed to import: /opt/airflow/dags/job3_daily_summary_dag.py
Traceback (most recent call last):
  File "/home/airflow/.local/lib/python3.8/site-packages/airflow/models/dagbag.py", line 344, in parse
    loader.exec_module(new_module)
  File "<frozen importlib._bootstrap_external>", line 843, in exec_module
  File "<frozen importlib._bootstrap>", line 219, in _call_with_frames_removed
  File "/opt/airflow/dags/job3_daily_summary_dag.py", line 4, in <module>
    from src.job3_analytics import compute_daily_summary
ModuleNotFoundError: No module named 'src'
[2025-12-17T10:12:54.771+0000] {processor.py:842} WARNING - No viable dags retrieved from /opt/airflow/dags/job3_daily_summary_dag.py
[2025-12-17T10:12:54.884+0000] {processor.py:183} INFO - Processing /opt/airflow/dags/job3_daily_summary_dag.py took 0.240 seconds
[2025-12-17T10:13:25.515+0000] {processor.py:161} INFO - Started process (PID=80) to work on /opt/airflow/dags/job3_daily_summary_dag.py
[2025-12-17T10:13:25.518+0000] {processor.py:830} INFO - Processing file /opt/airflow/dags/job3_daily_summary_dag.py for tasks to queue
[2025-12-17T10:13:25.521+0000] {logging_mixin.py:188} INFO - [2025-12-17T10:13:25.520+0000] {dagbag.py:538} INFO - Filling up the DagBag from /opt/airflow/dags/job3_daily_summary_dag.py
[2025-12-17T10:13:25.556+0000] {logging_mixin.py:188} INFO - [2025-12-17T10:13:25.548+0000] {dagbag.py:348} ERROR - Failed to import: /opt/airflow/dags/job3_daily_summary_dag.py
Traceback (most recent call last):
  File "/home/airflow/.local/lib/python3.8/site-packages/airflow/models/dagbag.py", line 344, in parse
    loader.exec_module(new_module)
  File "<frozen importlib._bootstrap_external>", line 843, in exec_module
  File "<frozen importlib._bootstrap>", line 219, in _call_with_frames_removed
  File "/opt/airflow/dags/job3_daily_summary_dag.py", line 4, in <module>
    from src.job3_analytics import compute_daily_summary
ModuleNotFoundError: No module named 'src'
[2025-12-17T10:13:25.559+0000] {processor.py:842} WARNING - No viable dags retrieved from /opt/airflow/dags/job3_daily_summary_dag.py
[2025-12-17T10:13:25.623+0000] {processor.py:183} INFO - Processing /opt/airflow/dags/job3_daily_summary_dag.py took 0.114 seconds
[2025-12-17T10:13:56.805+0000] {processor.py:161} INFO - Started process (PID=83) to work on /opt/airflow/dags/job3_daily_summary_dag.py
[2025-12-17T10:13:56.807+0000] {processor.py:830} INFO - Processing file /opt/airflow/dags/job3_daily_summary_dag.py for tasks to queue
[2025-12-17T10:13:56.809+0000] {logging_mixin.py:188} INFO - [2025-12-17T10:13:56.808+0000] {dagbag.py:538} INFO - Filling up the DagBag from /opt/airflow/dags/job3_daily_summary_dag.py
[2025-12-17T10:13:56.839+0000] {logging_mixin.py:188} INFO - [2025-12-17T10:13:56.833+0000] {dagbag.py:348} ERROR - Failed to import: /opt/airflow/dags/job3_daily_summary_dag.py
Traceback (most recent call last):
  File "/home/airflow/.local/lib/python3.8/site-packages/airflow/models/dagbag.py", line 344, in parse
    loader.exec_module(new_module)
  File "<frozen importlib._bootstrap_external>", line 843, in exec_module
  File "<frozen importlib._bootstrap>", line 219, in _call_with_frames_removed
  File "/opt/airflow/dags/job3_daily_summary_dag.py", line 4, in <module>
    from src.job3_analytics import compute_daily_summary
ModuleNotFoundError: No module named 'src'
[2025-12-17T10:13:56.842+0000] {processor.py:842} WARNING - No viable dags retrieved from /opt/airflow/dags/job3_daily_summary_dag.py
[2025-12-17T10:13:56.894+0000] {processor.py:183} INFO - Processing /opt/airflow/dags/job3_daily_summary_dag.py took 0.093 seconds
[2025-12-17T10:14:27.791+0000] {processor.py:161} INFO - Started process (PID=86) to work on /opt/airflow/dags/job3_daily_summary_dag.py
[2025-12-17T10:14:27.794+0000] {processor.py:830} INFO - Processing file /opt/airflow/dags/job3_daily_summary_dag.py for tasks to queue
[2025-12-17T10:14:27.796+0000] {logging_mixin.py:188} INFO - [2025-12-17T10:14:27.795+0000] {dagbag.py:538} INFO - Filling up the DagBag from /opt/airflow/dags/job3_daily_summary_dag.py
[2025-12-17T10:14:27.829+0000] {logging_mixin.py:188} INFO - [2025-12-17T10:14:27.823+0000] {dagbag.py:348} ERROR - Failed to import: /opt/airflow/dags/job3_daily_summary_dag.py
Traceback (most recent call last):
  File "/home/airflow/.local/lib/python3.8/site-packages/airflow/models/dagbag.py", line 344, in parse
    loader.exec_module(new_module)
  File "<frozen importlib._bootstrap_external>", line 843, in exec_module
  File "<frozen importlib._bootstrap>", line 219, in _call_with_frames_removed
  File "/opt/airflow/dags/job3_daily_summary_dag.py", line 4, in <module>
    from src.job3_analytics import compute_daily_summary
ModuleNotFoundError: No module named 'src'
[2025-12-17T10:14:27.831+0000] {processor.py:842} WARNING - No viable dags retrieved from /opt/airflow/dags/job3_daily_summary_dag.py
[2025-12-17T10:14:27.902+0000] {processor.py:183} INFO - Processing /opt/airflow/dags/job3_daily_summary_dag.py took 0.118 seconds
[2025-12-17T10:14:59.568+0000] {processor.py:161} INFO - Started process (PID=89) to work on /opt/airflow/dags/job3_daily_summary_dag.py
[2025-12-17T10:14:59.588+0000] {processor.py:830} INFO - Processing file /opt/airflow/dags/job3_daily_summary_dag.py for tasks to queue
[2025-12-17T10:14:59.633+0000] {logging_mixin.py:188} INFO - [2025-12-17T10:14:59.597+0000] {dagbag.py:538} INFO - Filling up the DagBag from /opt/airflow/dags/job3_daily_summary_dag.py
[2025-12-17T10:14:59.766+0000] {logging_mixin.py:188} INFO - [2025-12-17T10:14:59.747+0000] {dagbag.py:348} ERROR - Failed to import: /opt/airflow/dags/job3_daily_summary_dag.py
Traceback (most recent call last):
  File "/home/airflow/.local/lib/python3.8/site-packages/airflow/models/dagbag.py", line 344, in parse
    loader.exec_module(new_module)
  File "<frozen importlib._bootstrap_external>", line 843, in exec_module
  File "<frozen importlib._bootstrap>", line 219, in _call_with_frames_removed
  File "/opt/airflow/dags/job3_daily_summary_dag.py", line 4, in <module>
    from src.job3_analytics import compute_daily_summary
ModuleNotFoundError: No module named 'src'
[2025-12-17T10:14:59.774+0000] {processor.py:842} WARNING - No viable dags retrieved from /opt/airflow/dags/job3_daily_summary_dag.py
[2025-12-17T10:15:00.173+0000] {processor.py:183} INFO - Processing /opt/airflow/dags/job3_daily_summary_dag.py took 0.664 seconds
[2025-12-17T10:15:30.862+0000] {processor.py:161} INFO - Started process (PID=92) to work on /opt/airflow/dags/job3_daily_summary_dag.py
[2025-12-17T10:15:30.865+0000] {processor.py:830} INFO - Processing file /opt/airflow/dags/job3_daily_summary_dag.py for tasks to queue
[2025-12-17T10:15:30.870+0000] {logging_mixin.py:188} INFO - [2025-12-17T10:15:30.867+0000] {dagbag.py:538} INFO - Filling up the DagBag from /opt/airflow/dags/job3_daily_summary_dag.py
[2025-12-17T10:15:30.916+0000] {logging_mixin.py:188} INFO - [2025-12-17T10:15:30.909+0000] {dagbag.py:348} ERROR - Failed to import: /opt/airflow/dags/job3_daily_summary_dag.py
Traceback (most recent call last):
  File "/home/airflow/.local/lib/python3.8/site-packages/airflow/models/dagbag.py", line 344, in parse
    loader.exec_module(new_module)
  File "<frozen importlib._bootstrap_external>", line 843, in exec_module
  File "<frozen importlib._bootstrap>", line 219, in _call_with_frames_removed
  File "/opt/airflow/dags/job3_daily_summary_dag.py", line 4, in <module>
    from src.job3_analytics import compute_daily_summary
ModuleNotFoundError: No module named 'src'
[2025-12-17T10:15:30.918+0000] {processor.py:842} WARNING - No viable dags retrieved from /opt/airflow/dags/job3_daily_summary_dag.py
[2025-12-17T10:15:31.004+0000] {processor.py:183} INFO - Processing /opt/airflow/dags/job3_daily_summary_dag.py took 0.150 seconds
[2025-12-17T10:16:02.616+0000] {processor.py:161} INFO - Started process (PID=95) to work on /opt/airflow/dags/job3_daily_summary_dag.py
[2025-12-17T10:16:02.619+0000] {processor.py:830} INFO - Processing file /opt/airflow/dags/job3_daily_summary_dag.py for tasks to queue
[2025-12-17T10:16:02.620+0000] {logging_mixin.py:188} INFO - [2025-12-17T10:16:02.620+0000] {dagbag.py:538} INFO - Filling up the DagBag from /opt/airflow/dags/job3_daily_summary_dag.py
[2025-12-17T10:16:02.648+0000] {logging_mixin.py:188} INFO - [2025-12-17T10:16:02.642+0000] {dagbag.py:348} ERROR - Failed to import: /opt/airflow/dags/job3_daily_summary_dag.py
Traceback (most recent call last):
  File "/home/airflow/.local/lib/python3.8/site-packages/airflow/models/dagbag.py", line 344, in parse
    loader.exec_module(new_module)
  File "<frozen importlib._bootstrap_external>", line 843, in exec_module
  File "<frozen importlib._bootstrap>", line 219, in _call_with_frames_removed
  File "/opt/airflow/dags/job3_daily_summary_dag.py", line 4, in <module>
    from src.job3_analytics import compute_daily_summary
ModuleNotFoundError: No module named 'src'
[2025-12-17T10:16:02.651+0000] {processor.py:842} WARNING - No viable dags retrieved from /opt/airflow/dags/job3_daily_summary_dag.py
[2025-12-17T10:16:02.701+0000] {processor.py:183} INFO - Processing /opt/airflow/dags/job3_daily_summary_dag.py took 0.090 seconds
[2025-12-17T10:16:33.654+0000] {processor.py:161} INFO - Started process (PID=98) to work on /opt/airflow/dags/job3_daily_summary_dag.py
[2025-12-17T10:16:33.657+0000] {processor.py:830} INFO - Processing file /opt/airflow/dags/job3_daily_summary_dag.py for tasks to queue
[2025-12-17T10:16:33.658+0000] {logging_mixin.py:188} INFO - [2025-12-17T10:16:33.658+0000] {dagbag.py:538} INFO - Filling up the DagBag from /opt/airflow/dags/job3_daily_summary_dag.py
[2025-12-17T10:16:33.696+0000] {logging_mixin.py:188} INFO - [2025-12-17T10:16:33.687+0000] {dagbag.py:348} ERROR - Failed to import: /opt/airflow/dags/job3_daily_summary_dag.py
Traceback (most recent call last):
  File "/home/airflow/.local/lib/python3.8/site-packages/airflow/models/dagbag.py", line 344, in parse
    loader.exec_module(new_module)
  File "<frozen importlib._bootstrap_external>", line 843, in exec_module
  File "<frozen importlib._bootstrap>", line 219, in _call_with_frames_removed
  File "/opt/airflow/dags/job3_daily_summary_dag.py", line 4, in <module>
    from src.job3_analytics import compute_daily_summary
ModuleNotFoundError: No module named 'src'
[2025-12-17T10:16:33.700+0000] {processor.py:842} WARNING - No viable dags retrieved from /opt/airflow/dags/job3_daily_summary_dag.py
[2025-12-17T10:16:33.803+0000] {processor.py:183} INFO - Processing /opt/airflow/dags/job3_daily_summary_dag.py took 0.154 seconds
[2025-12-17T10:17:04.920+0000] {processor.py:161} INFO - Started process (PID=101) to work on /opt/airflow/dags/job3_daily_summary_dag.py
[2025-12-17T10:17:04.922+0000] {processor.py:830} INFO - Processing file /opt/airflow/dags/job3_daily_summary_dag.py for tasks to queue
[2025-12-17T10:17:04.924+0000] {logging_mixin.py:188} INFO - [2025-12-17T10:17:04.924+0000] {dagbag.py:538} INFO - Filling up the DagBag from /opt/airflow/dags/job3_daily_summary_dag.py
[2025-12-17T10:17:04.964+0000] {logging_mixin.py:188} INFO - [2025-12-17T10:17:04.950+0000] {dagbag.py:348} ERROR - Failed to import: /opt/airflow/dags/job3_daily_summary_dag.py
Traceback (most recent call last):
  File "/home/airflow/.local/lib/python3.8/site-packages/airflow/models/dagbag.py", line 344, in parse
    loader.exec_module(new_module)
  File "<frozen importlib._bootstrap_external>", line 843, in exec_module
  File "<frozen importlib._bootstrap>", line 219, in _call_with_frames_removed
  File "/opt/airflow/dags/job3_daily_summary_dag.py", line 4, in <module>
    from src.job3_analytics import compute_daily_summary
ModuleNotFoundError: No module named 'src'
[2025-12-17T10:17:04.967+0000] {processor.py:842} WARNING - No viable dags retrieved from /opt/airflow/dags/job3_daily_summary_dag.py
[2025-12-17T10:17:05.037+0000] {processor.py:183} INFO - Processing /opt/airflow/dags/job3_daily_summary_dag.py took 0.121 seconds
[2025-12-17T10:17:36.118+0000] {processor.py:161} INFO - Started process (PID=104) to work on /opt/airflow/dags/job3_daily_summary_dag.py
[2025-12-17T10:17:36.121+0000] {processor.py:830} INFO - Processing file /opt/airflow/dags/job3_daily_summary_dag.py for tasks to queue
[2025-12-17T10:17:36.123+0000] {logging_mixin.py:188} INFO - [2025-12-17T10:17:36.122+0000] {dagbag.py:538} INFO - Filling up the DagBag from /opt/airflow/dags/job3_daily_summary_dag.py
[2025-12-17T10:17:36.164+0000] {logging_mixin.py:188} INFO - [2025-12-17T10:17:36.154+0000] {dagbag.py:348} ERROR - Failed to import: /opt/airflow/dags/job3_daily_summary_dag.py
Traceback (most recent call last):
  File "/home/airflow/.local/lib/python3.8/site-packages/airflow/models/dagbag.py", line 344, in parse
    loader.exec_module(new_module)
  File "<frozen importlib._bootstrap_external>", line 843, in exec_module
  File "<frozen importlib._bootstrap>", line 219, in _call_with_frames_removed
  File "/opt/airflow/dags/job3_daily_summary_dag.py", line 4, in <module>
    from src.job3_analytics import compute_daily_summary
ModuleNotFoundError: No module named 'src'
[2025-12-17T10:17:36.166+0000] {processor.py:842} WARNING - No viable dags retrieved from /opt/airflow/dags/job3_daily_summary_dag.py
[2025-12-17T10:17:36.228+0000] {processor.py:183} INFO - Processing /opt/airflow/dags/job3_daily_summary_dag.py took 0.117 seconds
[2025-12-17T10:18:08.070+0000] {processor.py:161} INFO - Started process (PID=107) to work on /opt/airflow/dags/job3_daily_summary_dag.py
[2025-12-17T10:18:08.072+0000] {processor.py:830} INFO - Processing file /opt/airflow/dags/job3_daily_summary_dag.py for tasks to queue
[2025-12-17T10:18:08.075+0000] {logging_mixin.py:188} INFO - [2025-12-17T10:18:08.074+0000] {dagbag.py:538} INFO - Filling up the DagBag from /opt/airflow/dags/job3_daily_summary_dag.py
[2025-12-17T10:18:08.114+0000] {logging_mixin.py:188} INFO - [2025-12-17T10:18:08.107+0000] {dagbag.py:348} ERROR - Failed to import: /opt/airflow/dags/job3_daily_summary_dag.py
Traceback (most recent call last):
  File "/home/airflow/.local/lib/python3.8/site-packages/airflow/models/dagbag.py", line 344, in parse
    loader.exec_module(new_module)
  File "<frozen importlib._bootstrap_external>", line 843, in exec_module
  File "<frozen importlib._bootstrap>", line 219, in _call_with_frames_removed
  File "/opt/airflow/dags/job3_daily_summary_dag.py", line 4, in <module>
    from src.job3_analytics import compute_daily_summary
ModuleNotFoundError: No module named 'src'
[2025-12-17T10:18:08.117+0000] {processor.py:842} WARNING - No viable dags retrieved from /opt/airflow/dags/job3_daily_summary_dag.py
[2025-12-17T10:18:08.192+0000] {processor.py:183} INFO - Processing /opt/airflow/dags/job3_daily_summary_dag.py took 0.128 seconds
[2025-12-17T10:18:38.954+0000] {processor.py:161} INFO - Started process (PID=110) to work on /opt/airflow/dags/job3_daily_summary_dag.py
[2025-12-17T10:18:38.956+0000] {processor.py:830} INFO - Processing file /opt/airflow/dags/job3_daily_summary_dag.py for tasks to queue
[2025-12-17T10:18:38.957+0000] {logging_mixin.py:188} INFO - [2025-12-17T10:18:38.957+0000] {dagbag.py:538} INFO - Filling up the DagBag from /opt/airflow/dags/job3_daily_summary_dag.py
[2025-12-17T10:18:39.037+0000] {logging_mixin.py:188} INFO - [2025-12-17T10:18:39.032+0000] {dagbag.py:348} ERROR - Failed to import: /opt/airflow/dags/job3_daily_summary_dag.py
Traceback (most recent call last):
  File "/home/airflow/.local/lib/python3.8/site-packages/airflow/models/dagbag.py", line 344, in parse
    loader.exec_module(new_module)
  File "<frozen importlib._bootstrap_external>", line 843, in exec_module
  File "<frozen importlib._bootstrap>", line 219, in _call_with_frames_removed
  File "/opt/airflow/dags/job3_daily_summary_dag.py", line 4, in <module>
    from src.job3_analytics import compute_daily_summary
ModuleNotFoundError: No module named 'src'
[2025-12-17T10:18:39.039+0000] {processor.py:842} WARNING - No viable dags retrieved from /opt/airflow/dags/job3_daily_summary_dag.py
[2025-12-17T10:18:39.724+0000] {processor.py:183} INFO - Processing /opt/airflow/dags/job3_daily_summary_dag.py took 0.774 seconds
[2025-12-17T10:19:11.181+0000] {processor.py:161} INFO - Started process (PID=113) to work on /opt/airflow/dags/job3_daily_summary_dag.py
[2025-12-17T10:19:11.196+0000] {processor.py:830} INFO - Processing file /opt/airflow/dags/job3_daily_summary_dag.py for tasks to queue
[2025-12-17T10:19:11.216+0000] {logging_mixin.py:188} INFO - [2025-12-17T10:19:11.204+0000] {dagbag.py:538} INFO - Filling up the DagBag from /opt/airflow/dags/job3_daily_summary_dag.py
[2025-12-17T10:19:11.368+0000] {logging_mixin.py:188} INFO - [2025-12-17T10:19:11.343+0000] {dagbag.py:348} ERROR - Failed to import: /opt/airflow/dags/job3_daily_summary_dag.py
Traceback (most recent call last):
  File "/home/airflow/.local/lib/python3.8/site-packages/airflow/models/dagbag.py", line 344, in parse
    loader.exec_module(new_module)
  File "<frozen importlib._bootstrap_external>", line 843, in exec_module
  File "<frozen importlib._bootstrap>", line 219, in _call_with_frames_removed
  File "/opt/airflow/dags/job3_daily_summary_dag.py", line 4, in <module>
    from src.job3_analytics import compute_daily_summary
ModuleNotFoundError: No module named 'src'
[2025-12-17T10:19:11.377+0000] {processor.py:842} WARNING - No viable dags retrieved from /opt/airflow/dags/job3_daily_summary_dag.py
[2025-12-17T10:19:11.606+0000] {processor.py:183} INFO - Processing /opt/airflow/dags/job3_daily_summary_dag.py took 0.500 seconds
[2025-12-17T10:19:42.742+0000] {processor.py:161} INFO - Started process (PID=116) to work on /opt/airflow/dags/job3_daily_summary_dag.py
[2025-12-17T10:19:42.745+0000] {processor.py:830} INFO - Processing file /opt/airflow/dags/job3_daily_summary_dag.py for tasks to queue
[2025-12-17T10:19:42.747+0000] {logging_mixin.py:188} INFO - [2025-12-17T10:19:42.747+0000] {dagbag.py:538} INFO - Filling up the DagBag from /opt/airflow/dags/job3_daily_summary_dag.py
[2025-12-17T10:19:42.806+0000] {logging_mixin.py:188} INFO - [2025-12-17T10:19:42.794+0000] {dagbag.py:348} ERROR - Failed to import: /opt/airflow/dags/job3_daily_summary_dag.py
Traceback (most recent call last):
  File "/home/airflow/.local/lib/python3.8/site-packages/airflow/models/dagbag.py", line 344, in parse
    loader.exec_module(new_module)
  File "<frozen importlib._bootstrap_external>", line 843, in exec_module
  File "<frozen importlib._bootstrap>", line 219, in _call_with_frames_removed
  File "/opt/airflow/dags/job3_daily_summary_dag.py", line 4, in <module>
    from src.job3_analytics import compute_daily_summary
ModuleNotFoundError: No module named 'src'
[2025-12-17T10:19:42.810+0000] {processor.py:842} WARNING - No viable dags retrieved from /opt/airflow/dags/job3_daily_summary_dag.py
[2025-12-17T10:19:42.907+0000] {processor.py:183} INFO - Processing /opt/airflow/dags/job3_daily_summary_dag.py took 0.174 seconds
[2025-12-17T10:20:14.152+0000] {processor.py:161} INFO - Started process (PID=119) to work on /opt/airflow/dags/job3_daily_summary_dag.py
[2025-12-17T10:20:14.155+0000] {processor.py:830} INFO - Processing file /opt/airflow/dags/job3_daily_summary_dag.py for tasks to queue
[2025-12-17T10:20:14.158+0000] {logging_mixin.py:188} INFO - [2025-12-17T10:20:14.157+0000] {dagbag.py:538} INFO - Filling up the DagBag from /opt/airflow/dags/job3_daily_summary_dag.py
[2025-12-17T10:20:14.200+0000] {logging_mixin.py:188} INFO - [2025-12-17T10:20:14.193+0000] {dagbag.py:348} ERROR - Failed to import: /opt/airflow/dags/job3_daily_summary_dag.py
Traceback (most recent call last):
  File "/home/airflow/.local/lib/python3.8/site-packages/airflow/models/dagbag.py", line 344, in parse
    loader.exec_module(new_module)
  File "<frozen importlib._bootstrap_external>", line 843, in exec_module
  File "<frozen importlib._bootstrap>", line 219, in _call_with_frames_removed
  File "/opt/airflow/dags/job3_daily_summary_dag.py", line 4, in <module>
    from src.job3_analytics import compute_daily_summary
ModuleNotFoundError: No module named 'src'
[2025-12-17T10:20:14.204+0000] {processor.py:842} WARNING - No viable dags retrieved from /opt/airflow/dags/job3_daily_summary_dag.py
[2025-12-17T10:20:14.263+0000] {processor.py:183} INFO - Processing /opt/airflow/dags/job3_daily_summary_dag.py took 0.115 seconds
[2025-12-17T10:20:45.165+0000] {processor.py:161} INFO - Started process (PID=122) to work on /opt/airflow/dags/job3_daily_summary_dag.py
[2025-12-17T10:20:45.182+0000] {processor.py:830} INFO - Processing file /opt/airflow/dags/job3_daily_summary_dag.py for tasks to queue
[2025-12-17T10:20:45.219+0000] {logging_mixin.py:188} INFO - [2025-12-17T10:20:45.205+0000] {dagbag.py:538} INFO - Filling up the DagBag from /opt/airflow/dags/job3_daily_summary_dag.py
[2025-12-17T10:20:45.367+0000] {logging_mixin.py:188} INFO - [2025-12-17T10:20:45.343+0000] {dagbag.py:348} ERROR - Failed to import: /opt/airflow/dags/job3_daily_summary_dag.py
Traceback (most recent call last):
  File "/home/airflow/.local/lib/python3.8/site-packages/airflow/models/dagbag.py", line 344, in parse
    loader.exec_module(new_module)
  File "<frozen importlib._bootstrap_external>", line 843, in exec_module
  File "<frozen importlib._bootstrap>", line 219, in _call_with_frames_removed
  File "/opt/airflow/dags/job3_daily_summary_dag.py", line 4, in <module>
    from src.job3_analytics import compute_daily_summary
ModuleNotFoundError: No module named 'src'
[2025-12-17T10:20:45.381+0000] {processor.py:842} WARNING - No viable dags retrieved from /opt/airflow/dags/job3_daily_summary_dag.py
[2025-12-17T10:20:47.842+0000] {processor.py:183} INFO - Processing /opt/airflow/dags/job3_daily_summary_dag.py took 2.760 seconds
[2025-12-17T10:21:21.264+0000] {processor.py:161} INFO - Started process (PID=125) to work on /opt/airflow/dags/job3_daily_summary_dag.py
[2025-12-17T10:21:21.270+0000] {processor.py:830} INFO - Processing file /opt/airflow/dags/job3_daily_summary_dag.py for tasks to queue
[2025-12-17T10:21:21.282+0000] {logging_mixin.py:188} INFO - [2025-12-17T10:21:21.277+0000] {dagbag.py:538} INFO - Filling up the DagBag from /opt/airflow/dags/job3_daily_summary_dag.py
[2025-12-17T10:21:21.426+0000] {logging_mixin.py:188} INFO - [2025-12-17T10:21:21.401+0000] {dagbag.py:348} ERROR - Failed to import: /opt/airflow/dags/job3_daily_summary_dag.py
Traceback (most recent call last):
  File "/home/airflow/.local/lib/python3.8/site-packages/airflow/models/dagbag.py", line 344, in parse
    loader.exec_module(new_module)
  File "<frozen importlib._bootstrap_external>", line 843, in exec_module
  File "<frozen importlib._bootstrap>", line 219, in _call_with_frames_removed
  File "/opt/airflow/dags/job3_daily_summary_dag.py", line 4, in <module>
    from src.job3_analytics import compute_daily_summary
ModuleNotFoundError: No module named 'src'
[2025-12-17T10:21:21.433+0000] {processor.py:842} WARNING - No viable dags retrieved from /opt/airflow/dags/job3_daily_summary_dag.py
[2025-12-17T10:21:21.656+0000] {processor.py:183} INFO - Processing /opt/airflow/dags/job3_daily_summary_dag.py took 0.449 seconds
[2025-12-17T10:21:53.978+0000] {processor.py:161} INFO - Started process (PID=128) to work on /opt/airflow/dags/job3_daily_summary_dag.py
[2025-12-17T10:21:54.032+0000] {processor.py:830} INFO - Processing file /opt/airflow/dags/job3_daily_summary_dag.py for tasks to queue
[2025-12-17T10:21:54.140+0000] {logging_mixin.py:188} INFO - [2025-12-17T10:21:54.088+0000] {dagbag.py:538} INFO - Filling up the DagBag from /opt/airflow/dags/job3_daily_summary_dag.py
[2025-12-17T10:21:54.441+0000] {logging_mixin.py:188} INFO - [2025-12-17T10:21:54.424+0000] {dagbag.py:348} ERROR - Failed to import: /opt/airflow/dags/job3_daily_summary_dag.py
Traceback (most recent call last):
  File "/home/airflow/.local/lib/python3.8/site-packages/airflow/models/dagbag.py", line 344, in parse
    loader.exec_module(new_module)
  File "<frozen importlib._bootstrap_external>", line 843, in exec_module
  File "<frozen importlib._bootstrap>", line 219, in _call_with_frames_removed
  File "/opt/airflow/dags/job3_daily_summary_dag.py", line 4, in <module>
    from src.job3_analytics import compute_daily_summary
ModuleNotFoundError: No module named 'src'
[2025-12-17T10:21:54.447+0000] {processor.py:842} WARNING - No viable dags retrieved from /opt/airflow/dags/job3_daily_summary_dag.py
[2025-12-17T10:21:54.637+0000] {processor.py:183} INFO - Processing /opt/airflow/dags/job3_daily_summary_dag.py took 1.143 seconds
[2025-12-17T10:22:25.981+0000] {processor.py:161} INFO - Started process (PID=131) to work on /opt/airflow/dags/job3_daily_summary_dag.py
[2025-12-17T10:22:25.984+0000] {processor.py:830} INFO - Processing file /opt/airflow/dags/job3_daily_summary_dag.py for tasks to queue
[2025-12-17T10:22:25.988+0000] {logging_mixin.py:188} INFO - [2025-12-17T10:22:25.986+0000] {dagbag.py:538} INFO - Filling up the DagBag from /opt/airflow/dags/job3_daily_summary_dag.py
[2025-12-17T10:22:26.041+0000] {logging_mixin.py:188} INFO - [2025-12-17T10:22:26.031+0000] {dagbag.py:348} ERROR - Failed to import: /opt/airflow/dags/job3_daily_summary_dag.py
Traceback (most recent call last):
  File "/home/airflow/.local/lib/python3.8/site-packages/airflow/models/dagbag.py", line 344, in parse
    loader.exec_module(new_module)
  File "<frozen importlib._bootstrap_external>", line 843, in exec_module
  File "<frozen importlib._bootstrap>", line 219, in _call_with_frames_removed
  File "/opt/airflow/dags/job3_daily_summary_dag.py", line 4, in <module>
    from src.job3_analytics import compute_daily_summary
ModuleNotFoundError: No module named 'src'
[2025-12-17T10:22:26.044+0000] {processor.py:842} WARNING - No viable dags retrieved from /opt/airflow/dags/job3_daily_summary_dag.py
[2025-12-17T10:22:26.137+0000] {processor.py:183} INFO - Processing /opt/airflow/dags/job3_daily_summary_dag.py took 0.169 seconds
[2025-12-17T10:22:57.394+0000] {processor.py:161} INFO - Started process (PID=134) to work on /opt/airflow/dags/job3_daily_summary_dag.py
[2025-12-17T10:22:57.414+0000] {processor.py:830} INFO - Processing file /opt/airflow/dags/job3_daily_summary_dag.py for tasks to queue
[2025-12-17T10:22:57.436+0000] {logging_mixin.py:188} INFO - [2025-12-17T10:22:57.427+0000] {dagbag.py:538} INFO - Filling up the DagBag from /opt/airflow/dags/job3_daily_summary_dag.py
[2025-12-17T10:22:57.562+0000] {logging_mixin.py:188} INFO - [2025-12-17T10:22:57.549+0000] {dagbag.py:348} ERROR - Failed to import: /opt/airflow/dags/job3_daily_summary_dag.py
Traceback (most recent call last):
  File "/home/airflow/.local/lib/python3.8/site-packages/airflow/models/dagbag.py", line 344, in parse
    loader.exec_module(new_module)
  File "<frozen importlib._bootstrap_external>", line 843, in exec_module
  File "<frozen importlib._bootstrap>", line 219, in _call_with_frames_removed
  File "/opt/airflow/dags/job3_daily_summary_dag.py", line 4, in <module>
    from src.job3_analytics import compute_daily_summary
ModuleNotFoundError: No module named 'src'
[2025-12-17T10:22:57.570+0000] {processor.py:842} WARNING - No viable dags retrieved from /opt/airflow/dags/job3_daily_summary_dag.py
[2025-12-17T10:22:57.751+0000] {processor.py:183} INFO - Processing /opt/airflow/dags/job3_daily_summary_dag.py took 0.466 seconds
